Build started 2/28/2013 4:19:20 PM.
     1>Project "C:\Users\mothzilla\Documents\of_v0.7.4_vs2010_release\of_v0.7.4_vs2010_release\apps\myApps\openRowland\openRowland.vcxproj" on node 2 (build target(s)).
     1>InitializeBuildStatus:
         Touching "obj\Debug\openRowland.unsuccessfulbuild".
       ClCompile:
         c:\Program Files (x86)\Microsoft Visual Studio 10.0\VC\bin\CL.exe /c /I..\..\..\libs\openFrameworks /I..\..\..\libs\openFrameworks\graphics /I..\..\..\libs\openFrameworks\app /I..\..\..\libs\openFrameworks\sound /I..\..\..\libs\openFrameworks\utils /I..\..\..\libs\openFrameworks\communication /I..\..\..\libs\openFrameworks\video /I..\..\..\libs\openFrameworks\types /I..\..\..\libs\openFrameworks\math /I..\..\..\libs\openFrameworks\3d /I..\..\..\libs\openFrameworks\gl /I..\..\..\libs\openFrameworks\events /I..\..\..\libs\glut\include /I..\..\..\libs\rtAudio\include /I..\..\..\libs\quicktime\include /I..\..\..\libs\freetype\include /I..\..\..\libs\freetype\include\freetype2 /I..\..\..\libs\freeImage\include /I..\..\..\libs\fmodex\include /I..\..\..\libs\videoInput\include /I..\..\..\libs\glew\include\ /I..\..\..\libs\glu\include /I..\..\..\libs\tess2\include /I..\..\..\libs\cairo\include\cairo /I..\..\..\libs\poco\include /I..\..\..\addons /I..\..\..\addons\ofxXmlSettings\libs /I..\..\..\addons\ofxXmlSettings\src /I..\..\..\addons\ofxControlPanel\libs /I..\..\..\addons\ofxControlPanel\src /ZI /nologo /W3 /WX- /Od /Oy- /D WIN32 /D _DEBUG /D _CONSOLE /D POCO_STATIC /D CAIRO_WIN32_STATIC_BUILD /D DISABLE_SOME_FLOATING_POINT /D _UNICODE /D UNICODE /Gm /EHsc /RTC1 /MDd /GS /fp:precise /Zc:wchar_t /Zc:forScope /Fo"obj\Debug\\" /Fd"obj\Debug\vc100.pdb" /Gd /TP /analyze- /errorReport:prompt src\main.cpp src\testApp.cpp
         testApp.cpp
         main.cpp
         Generating Code...
       ManifestResourceCompile:
         C:\Program Files (x86)\Microsoft SDKs\Windows\v7.0A\bin\rc.exe /nologo /fo"obj\Debug\openRowland_debug.exe.embed.manifest.res" obj\Debug\openRowland_debug_manifest.rc 
       Link:
         c:\Program Files (x86)\Microsoft Visual Studio 10.0\VC\bin\link.exe /ERRORREPORT:PROMPT /OUT:"bin\openRowland_debug.exe" /INCREMENTAL /NOLOGO /LIBPATH:..\..\..\libs\glut\lib\vs2010 /LIBPATH:..\..\..\libs\rtAudio\lib\vs2010 /LIBPATH:..\..\..\libs\FreeImage\lib\vs2010 /LIBPATH:..\..\..\libs\freetype\lib\vs2010 /LIBPATH:..\..\..\libs\quicktime\lib\vs2010 /LIBPATH:..\..\..\libs\fmodex\lib\vs2010 /LIBPATH:..\..\..\libs\videoInput\lib\vs2010 /LIBPATH:..\..\..\libs\cairo\lib\vs2010 /LIBPATH:..\..\..\libs\glew\lib\vs2010 /LIBPATH:..\..\..\libs\glu\lib\vs2010 /LIBPATH:..\..\..\libs\Poco\lib\vs2010 /LIBPATH:..\..\..\libs\tess2\lib\vs2010 "cairo-static.lib" "pixman-1.lib" msimg32.lib OpenGL32.lib GLu32.lib kernel32.lib setupapi.lib Vfw32.lib comctl32.lib glut32.lib rtAudioD.lib videoInput.lib libfreetype.lib FreeImage.lib qtmlClient.lib dsound.lib user32.lib gdi32.lib winspool.lib comdlg32.lib advapi32.lib shell32.lib ole32.lib oleaut32.lib uuid.lib glew32s.lib fmodex_vc.lib glu32.lib PocoFoundationmdd.lib PocoNetmdd.lib PocoUtilmdd.lib PocoXMLmdd.lib Ws2_32.lib tess2.lib kernel32.lib user32.lib gdi32.lib winspool.lib comdlg32.lib advapi32.lib shell32.lib ole32.lib oleaut32.lib uuid.lib odbc32.lib odbccp32.lib /NODEFAULTLIB:PocoFoundationd.lib /NODEFAULTLIB:atlthunk.lib /NODEFAULTLIB:LIBC.lib /NODEFAULTLIB:LIBCMT /MANIFEST /ManifestFile:"obj\Debug\openRowland_debug.exe.intermediate.manifest" /MANIFESTUAC:"level='asInvoker' uiAccess='false'" /DEBUG /PDB:"C:\Users\mothzilla\Documents\of_v0.7.4_vs2010_release\of_v0.7.4_vs2010_release\apps\myApps\openRowland\bin\openRowland_debug_debugInfo.pdb" /SUBSYSTEM:CONSOLE /TLBID:1 /DYNAMICBASE:NO /IMPLIB:"bin\openRowland_debug.lib" /MACHINE:X86 obj\Debug\openRowland_debug.exe.embed.manifest.res
         obj\Debug\graph.obj
         obj\Debug\main.obj
         obj\Debug\testApp.obj
         obj\Debug\ofxXmlSettings.obj
         obj\Debug\tinyxml.obj
         obj\Debug\tinyxmlerror.obj
         obj\Debug\tinyxmlparser.obj
         obj\Debug\guiBaseObject.obj
         obj\Debug\guiCallback.obj
         obj\Debug\guiCallbackValue.obj
         obj\Debug\guiColor.obj
         obj\Debug\guiTextBase.obj
         obj\Debug\guiType2DSlider.obj
         obj\Debug\guiTypeButtonSlider.obj
         obj\Debug\guiTypeChartPlotter.obj
         obj\Debug\guiTypeCustom.obj
         obj\Debug\guiTypeDrawable.obj
         obj\Debug\guiTypeFileLister.obj
         obj\Debug\guiTypeLabel.obj
         obj\Debug\guiTypeLogger.obj
         obj\Debug\guiTypeMultiToggle.obj
         obj\Debug\guiTypePanel.obj
         obj\Debug\guiTypeSlider.obj
         obj\Debug\guiTypeText.obj
         obj\Debug\guiTypeTextDropDown.obj
         obj\Debug\guiTypeTextInput.obj
         obj\Debug\guiTypeToggle.obj
         obj\Debug\guiTypeVairableLister.obj
         obj\Debug\guiTypeVideo.obj
         obj\Debug\guiValue.obj
         obj\Debug\ofxControlPanel.obj
         obj\Debug\simpleColor.obj
         obj\Debug\simpleFileLister.obj
         obj\Debug\simpleLogger.obj
         C:\Users\mothzilla\Documents\of_v0.7.4_vs2010_release\of_v0.7.4_vs2010_release\libs\openFrameworksCompiled\lib\vs2010\openframeworksLibDebug.lib
            Creating library bin\openRowland_debug.lib and object bin\openRowland_debug.exp
     1>MSVCRTD.lib(cinitexe.obj) : warning LNK4098: defaultlib 'msvcrt.lib' conflicts with use of other libs; use /NODEFAULTLIB:library
     1>PocoFoundationmdd.lib(Ascii.obj) : warning LNK4099: PDB 'pocofoundationmdd.pdb' was not found with 'PocoFoundationmdd.lib(Ascii.obj)' or at 'C:\Users\mothzilla\Documents\of_v0.7.4_vs2010_release\of_v0.7.4_vs2010_release\apps\myApps\openRowland\bin\pocofoundationmdd.pdb'; linking object as if no debug info
     1>PocoFoundationmdd.lib(AtomicCounter.obj) : warning LNK4099: PDB 'pocofoundationmdd.pdb' was not found with 'PocoFoundationmdd.lib(AtomicCounter.obj)' or at 'C:\Users\mothzilla\Documents\of_v0.7.4_vs2010_release\of_v0.7.4_vs2010_release\apps\myApps\openRowland\bin\pocofoundationmdd.pdb'; linking object as if no debug info
     1>PocoFoundationmdd.lib(Bugcheck.obj) : warning LNK4099: PDB 'pocofoundationmdd.pdb' was not found with 'PocoFoundationmdd.lib(Bugcheck.obj)' or at 'C:\Users\mothzilla\Documents\of_v0.7.4_vs2010_release\of_v0.7.4_vs2010_release\apps\myApps\openRowland\bin\pocofoundationmdd.pdb'; linking object as if no debug info
     1>PocoFoundationmdd.lib(Debugger.obj) : warning LNK4099: PDB 'pocofoundationmdd.pdb' was not found with 'PocoFoundationmdd.lib(Debugger.obj)' or at 'C:\Users\mothzilla\Documents\of_v0.7.4_vs2010_release\of_v0.7.4_vs2010_release\apps\myApps\openRowland\bin\pocofoundationmdd.pdb'; linking object as if no debug info
     1>PocoFoundationmdd.lib(Environment.obj) : warning LNK4099: PDB 'pocofoundationmdd.pdb' was not found with 'PocoFoundationmdd.lib(Environment.obj)' or at 'C:\Users\mothzilla\Documents\of_v0.7.4_vs2010_release\of_v0.7.4_vs2010_release\apps\myApps\openRowland\bin\pocofoundationmdd.pdb'; linking object as if no debug info
     1>PocoFoundationmdd.lib(Exception.obj) : warning LNK4099: PDB 'pocofoundationmdd.pdb' was not found with 'PocoFoundationmdd.lib(Exception.obj)' or at 'C:\Users\mothzilla\Documents\of_v0.7.4_vs2010_release\of_v0.7.4_vs2010_release\apps\myApps\openRowland\bin\pocofoundationmdd.pdb'; linking object as if no debug info
     1>PocoFoundationmdd.lib(MemoryPool.obj) : warning LNK4099: PDB 'pocofoundationmdd.pdb' was not found with 'PocoFoundationmdd.lib(MemoryPool.obj)' or at 'C:\Users\mothzilla\Documents\of_v0.7.4_vs2010_release\of_v0.7.4_vs2010_release\apps\myApps\openRowland\bin\pocofoundationmdd.pdb'; linking object as if no debug info
     1>PocoFoundationmdd.lib(NumberFormatter.obj) : warning LNK4099: PDB 'pocofoundationmdd.pdb' was not found with 'PocoFoundationmdd.lib(NumberFormatter.obj)' or at 'C:\Users\mothzilla\Documents\of_v0.7.4_vs2010_release\of_v0.7.4_vs2010_release\apps\myApps\openRowland\bin\pocofoundationmdd.pdb'; linking object as if no debug info
     1>PocoFoundationmdd.lib(NumberParser.obj) : warning LNK4099: PDB 'pocofoundationmdd.pdb' was not found with 'PocoFoundationmdd.lib(NumberParser.obj)' or at 'C:\Users\mothzilla\Documents\of_v0.7.4_vs2010_release\of_v0.7.4_vs2010_release\apps\myApps\openRowland\bin\pocofoundationmdd.pdb'; linking object as if no debug info
     1>PocoFoundationmdd.lib(RefCountedObject.obj) : warning LNK4099: PDB 'pocofoundationmdd.pdb' was not found with 'PocoFoundationmdd.lib(RefCountedObject.obj)' or at 'C:\Users\mothzilla\Documents\of_v0.7.4_vs2010_release\of_v0.7.4_vs2010_release\apps\myApps\openRowland\bin\pocofoundationmdd.pdb'; linking object as if no debug info
     1>PocoFoundationmdd.lib(StringTokenizer.obj) : warning LNK4099: PDB 'pocofoundationmdd.pdb' was not found with 'PocoFoundationmdd.lib(StringTokenizer.obj)' or at 'C:\Users\mothzilla\Documents\of_v0.7.4_vs2010_release\of_v0.7.4_vs2010_release\apps\myApps\openRowland\bin\pocofoundationmdd.pdb'; linking object as if no debug info
     1>PocoFoundationmdd.lib(Base64Decoder.obj) : warning LNK4099: PDB 'pocofoundationmdd.pdb' was not found with 'PocoFoundationmdd.lib(Base64Decoder.obj)' or at 'C:\Users\mothzilla\Documents\of_v0.7.4_vs2010_release\of_v0.7.4_vs2010_release\apps\myApps\openRowland\bin\pocofoundationmdd.pdb'; linking object as if no debug info
     1>PocoFoundationmdd.lib(Base64Encoder.obj) : warning LNK4099: PDB 'pocofoundationmdd.pdb' was not found with 'PocoFoundationmdd.lib(Base64Encoder.obj)' or at 'C:\Users\mothzilla\Documents\of_v0.7.4_vs2010_release\of_v0.7.4_vs2010_release\apps\myApps\openRowland\bin\pocofoundationmdd.pdb'; linking object as if no debug info
     1>PocoFoundationmdd.lib(CountingStream.obj) : warning LNK4099: PDB 'pocofoundationmdd.pdb' was not found with 'PocoFoundationmdd.lib(CountingStream.obj)' or at 'C:\Users\mothzilla\Documents\of_v0.7.4_vs2010_release\of_v0.7.4_vs2010_release\apps\myApps\openRowland\bin\pocofoundationmdd.pdb'; linking object as if no debug info
     1>PocoFoundationmdd.lib(FileStream.obj) : warning LNK4099: PDB 'pocofoundationmdd.pdb' was not found with 'PocoFoundationmdd.lib(FileStream.obj)' or at 'C:\Users\mothzilla\Documents\of_v0.7.4_vs2010_release\of_v0.7.4_vs2010_release\apps\myApps\openRowland\bin\pocofoundationmdd.pdb'; linking object as if no debug info
     1>PocoFoundationmdd.lib(MemoryStream.obj) : warning LNK4099: PDB 'pocofoundationmdd.pdb' was not found with 'PocoFoundationmdd.lib(MemoryStream.obj)' or at 'C:\Users\mothzilla\Documents\of_v0.7.4_vs2010_release\of_v0.7.4_vs2010_release\apps\myApps\openRowland\bin\pocofoundationmdd.pdb'; linking object as if no debug info
     1>PocoFoundationmdd.lib(NullStream.obj) : warning LNK4099: PDB 'pocofoundationmdd.pdb' was not found with 'PocoFoundationmdd.lib(NullStream.obj)' or at 'C:\Users\mothzilla\Documents\of_v0.7.4_vs2010_release\of_v0.7.4_vs2010_release\apps\myApps\openRowland\bin\pocofoundationmdd.pdb'; linking object as if no debug info
     1>PocoFoundationmdd.lib(StreamCopier.obj) : warning LNK4099: PDB 'pocofoundationmdd.pdb' was not found with 'PocoFoundationmdd.lib(StreamCopier.obj)' or at 'C:\Users\mothzilla\Documents\of_v0.7.4_vs2010_release\of_v0.7.4_vs2010_release\apps\myApps\openRowland\bin\pocofoundationmdd.pdb'; linking object as if no debug info
     1>PocoFoundationmdd.lib(adler32.obj) : warning LNK4099: PDB 'pocofoundationmdd.pdb' was not found with 'PocoFoundationmdd.lib(adler32.obj)' or at 'C:\Users\mothzilla\Documents\of_v0.7.4_vs2010_release\of_v0.7.4_vs2010_release\apps\myApps\openRowland\bin\pocofoundationmdd.pdb'; linking object as if no debug info
     1>PocoFoundationmdd.lib(crc32.obj) : warning LNK4099: PDB 'pocofoundationmdd.pdb' was not found with 'PocoFoundationmdd.lib(crc32.obj)' or at 'C:\Users\mothzilla\Documents\of_v0.7.4_vs2010_release\of_v0.7.4_vs2010_release\apps\myApps\openRowland\bin\pocofoundationmdd.pdb'; linking object as if no debug info
     1>PocoFoundationmdd.lib(deflate.obj) : warning LNK4099: PDB 'pocofoundationmdd.pdb' was not found with 'PocoFoundationmdd.lib(deflate.obj)' or at 'C:\Users\mothzilla\Documents\of_v0.7.4_vs2010_release\of_v0.7.4_vs2010_release\apps\myApps\openRowland\bin\pocofoundationmdd.pdb'; linking object as if no debug info
     1>PocoFoundationmdd.lib(trees.obj) : warning LNK4099: PDB 'pocofoundationmdd.pdb' was not found with 'PocoFoundationmdd.lib(trees.obj)' or at 'C:\Users\mothzilla\Documents\of_v0.7.4_vs2010_release\of_v0.7.4_vs2010_release\apps\myApps\openRowland\bin\pocofoundationmdd.pdb'; linking object as if no debug info
     1>PocoFoundationmdd.lib(zutil.obj) : warning LNK4099: PDB 'pocofoundationmdd.pdb' was not found with 'PocoFoundationmdd.lib(zutil.obj)' or at 'C:\Users\mothzilla\Documents\of_v0.7.4_vs2010_release\of_v0.7.4_vs2010_release\apps\myApps\openRowland\bin\pocofoundationmdd.pdb'; linking object as if no debug info
     1>PocoFoundationmdd.lib(Condition.obj) : warning LNK4099: PDB 'pocofoundationmdd.pdb' was not found with 'PocoFoundationmdd.lib(Condition.obj)' or at 'C:\Users\mothzilla\Documents\of_v0.7.4_vs2010_release\of_v0.7.4_vs2010_release\apps\myApps\openRowland\bin\pocofoundationmdd.pdb'; linking object as if no debug info
     1>PocoFoundationmdd.lib(ErrorHandler.obj) : warning LNK4099: PDB 'pocofoundationmdd.pdb' was not found with 'PocoFoundationmdd.lib(ErrorHandler.obj)' or at 'C:\Users\mothzilla\Documents\of_v0.7.4_vs2010_release\of_v0.7.4_vs2010_release\apps\myApps\openRowland\bin\pocofoundationmdd.pdb'; linking object as if no debug info
     1>PocoFoundationmdd.lib(Event.obj) : warning LNK4099: PDB 'pocofoundationmdd.pdb' was not found with 'PocoFoundationmdd.lib(Event.obj)' or at 'C:\Users\mothzilla\Documents\of_v0.7.4_vs2010_release\of_v0.7.4_vs2010_release\apps\myApps\openRowland\bin\pocofoundationmdd.pdb'; linking object as if no debug info
     1>PocoFoundationmdd.lib(Mutex.obj) : warning LNK4099: PDB 'pocofoundationmdd.pdb' was not found with 'PocoFoundationmdd.lib(Mutex.obj)' or at 'C:\Users\mothzilla\Documents\of_v0.7.4_vs2010_release\of_v0.7.4_vs2010_release\apps\myApps\openRowland\bin\pocofoundationmdd.pdb'; linking object as if no debug info
     1>PocoFoundationmdd.lib(Runnable.obj) : warning LNK4099: PDB 'pocofoundationmdd.pdb' was not found with 'PocoFoundationmdd.lib(Runnable.obj)' or at 'C:\Users\mothzilla\Documents\of_v0.7.4_vs2010_release\of_v0.7.4_vs2010_release\apps\myApps\openRowland\bin\pocofoundationmdd.pdb'; linking object as if no debug info
     1>PocoFoundationmdd.lib(RWLock.obj) : warning LNK4099: PDB 'pocofoundationmdd.pdb' was not found with 'PocoFoundationmdd.lib(RWLock.obj)' or at 'C:\Users\mothzilla\Documents\of_v0.7.4_vs2010_release\of_v0.7.4_vs2010_release\apps\myApps\openRowland\bin\pocofoundationmdd.pdb'; linking object as if no debug info
     1>PocoFoundationmdd.lib(Thread.obj) : warning LNK4099: PDB 'pocofoundationmdd.pdb' was not found with 'PocoFoundationmdd.lib(Thread.obj)' or at 'C:\Users\mothzilla\Documents\of_v0.7.4_vs2010_release\of_v0.7.4_vs2010_release\apps\myApps\openRowland\bin\pocofoundationmdd.pdb'; linking object as if no debug info
     1>PocoFoundationmdd.lib(ThreadLocal.obj) : warning LNK4099: PDB 'pocofoundationmdd.pdb' was not found with 'PocoFoundationmdd.lib(ThreadLocal.obj)' or at 'C:\Users\mothzilla\Documents\of_v0.7.4_vs2010_release\of_v0.7.4_vs2010_release\apps\myApps\openRowland\bin\pocofoundationmdd.pdb'; linking object as if no debug info
     1>PocoFoundationmdd.lib(DigestEngine.obj) : warning LNK4099: PDB 'pocofoundationmdd.pdb' was not found with 'PocoFoundationmdd.lib(DigestEngine.obj)' or at 'C:\Users\mothzilla\Documents\of_v0.7.4_vs2010_release\of_v0.7.4_vs2010_release\apps\myApps\openRowland\bin\pocofoundationmdd.pdb'; linking object as if no debug info
     1>PocoFoundationmdd.lib(MD5Engine.obj) : warning LNK4099: PDB 'pocofoundationmdd.pdb' was not found with 'PocoFoundationmdd.lib(MD5Engine.obj)' or at 'C:\Users\mothzilla\Documents\of_v0.7.4_vs2010_release\of_v0.7.4_vs2010_release\apps\myApps\openRowland\bin\pocofoundationmdd.pdb'; linking object as if no debug info
     1>PocoFoundationmdd.lib(DirectoryIterator.obj) : warning LNK4099: PDB 'pocofoundationmdd.pdb' was not found with 'PocoFoundationmdd.lib(DirectoryIterator.obj)' or at 'C:\Users\mothzilla\Documents\of_v0.7.4_vs2010_release\of_v0.7.4_vs2010_release\apps\myApps\openRowland\bin\pocofoundationmdd.pdb'; linking object as if no debug info
     1>PocoFoundationmdd.lib(File.obj) : warning LNK4099: PDB 'pocofoundationmdd.pdb' was not found with 'PocoFoundationmdd.lib(File.obj)' or at 'C:\Users\mothzilla\Documents\of_v0.7.4_vs2010_release\of_v0.7.4_vs2010_release\apps\myApps\openRowland\bin\pocofoundationmdd.pdb'; linking object as if no debug info
     1>PocoFoundationmdd.lib(Path.obj) : warning LNK4099: PDB 'pocofoundationmdd.pdb' was not found with 'PocoFoundationmdd.lib(Path.obj)' or at 'C:\Users\mothzilla\Documents\of_v0.7.4_vs2010_release\of_v0.7.4_vs2010_release\apps\myApps\openRowland\bin\pocofoundationmdd.pdb'; linking object as if no debug info
     1>PocoFoundationmdd.lib(DateTime.obj) : warning LNK4099: PDB 'pocofoundationmdd.pdb' was not found with 'PocoFoundationmdd.lib(DateTime.obj)' or at 'C:\Users\mothzilla\Documents\of_v0.7.4_vs2010_release\of_v0.7.4_vs2010_release\apps\myApps\openRowland\bin\pocofoundationmdd.pdb'; linking object as if no debug info
     1>PocoFoundationmdd.lib(DateTimeFormat.obj) : warning LNK4099: PDB 'pocofoundationmdd.pdb' was not found with 'PocoFoundationmdd.lib(DateTimeFormat.obj)' or at 'C:\Users\mothzilla\Documents\of_v0.7.4_vs2010_release\of_v0.7.4_vs2010_release\apps\myApps\openRowland\bin\pocofoundationmdd.pdb'; linking object as if no debug info
     1>PocoFoundationmdd.lib(DateTimeFormatter.obj) : warning LNK4099: PDB 'pocofoundationmdd.pdb' was not found with 'PocoFoundationmdd.lib(DateTimeFormatter.obj)' or at 'C:\Users\mothzilla\Documents\of_v0.7.4_vs2010_release\of_v0.7.4_vs2010_release\apps\myApps\openRowland\bin\pocofoundationmdd.pdb'; linking object as if no debug info
     1>PocoFoundationmdd.lib(DateTimeParser.obj) : warning LNK4099: PDB 'pocofoundationmdd.pdb' was not found with 'PocoFoundationmdd.lib(DateTimeParser.obj)' or at 'C:\Users\mothzilla\Documents\of_v0.7.4_vs2010_release\of_v0.7.4_vs2010_release\apps\myApps\openRowland\bin\pocofoundationmdd.pdb'; linking object as if no debug info
     1>PocoFoundationmdd.lib(LocalDateTime.obj) : warning LNK4099: PDB 'pocofoundationmdd.pdb' was not found with 'PocoFoundationmdd.lib(LocalDateTime.obj)' or at 'C:\Users\mothzilla\Documents\of_v0.7.4_vs2010_release\of_v0.7.4_vs2010_release\apps\myApps\openRowland\bin\pocofoundationmdd.pdb'; linking object as if no debug info
     1>PocoFoundationmdd.lib(Timespan.obj) : warning LNK4099: PDB 'pocofoundationmdd.pdb' was not found with 'PocoFoundationmdd.lib(Timespan.obj)' or at 'C:\Users\mothzilla\Documents\of_v0.7.4_vs2010_release\of_v0.7.4_vs2010_release\apps\myApps\openRowland\bin\pocofoundationmdd.pdb'; linking object as if no debug info
     1>PocoFoundationmdd.lib(Timestamp.obj) : warning LNK4099: PDB 'pocofoundationmdd.pdb' was not found with 'PocoFoundationmdd.lib(Timestamp.obj)' or at 'C:\Users\mothzilla\Documents\of_v0.7.4_vs2010_release\of_v0.7.4_vs2010_release\apps\myApps\openRowland\bin\pocofoundationmdd.pdb'; linking object as if no debug info
     1>PocoFoundationmdd.lib(Timezone.obj) : warning LNK4099: PDB 'pocofoundationmdd.pdb' was not found with 'PocoFoundationmdd.lib(Timezone.obj)' or at 'C:\Users\mothzilla\Documents\of_v0.7.4_vs2010_release\of_v0.7.4_vs2010_release\apps\myApps\openRowland\bin\pocofoundationmdd.pdb'; linking object as if no debug info
     1>PocoFoundationmdd.lib(ASCIIEncoding.obj) : warning LNK4099: PDB 'pocofoundationmdd.pdb' was not found with 'PocoFoundationmdd.lib(ASCIIEncoding.obj)' or at 'C:\Users\mothzilla\Documents\of_v0.7.4_vs2010_release\of_v0.7.4_vs2010_release\apps\myApps\openRowland\bin\pocofoundationmdd.pdb'; linking object as if no debug info
     1>PocoFoundationmdd.lib(Latin1Encoding.obj) : warning LNK4099: PDB 'pocofoundationmdd.pdb' was not found with 'PocoFoundationmdd.lib(Latin1Encoding.obj)' or at 'C:\Users\mothzilla\Documents\of_v0.7.4_vs2010_release\of_v0.7.4_vs2010_release\apps\myApps\openRowland\bin\pocofoundationmdd.pdb'; linking object as if no debug info
     1>PocoFoundationmdd.lib(Latin9Encoding.obj) : warning LNK4099: PDB 'pocofoundationmdd.pdb' was not found with 'PocoFoundationmdd.lib(Latin9Encoding.obj)' or at 'C:\Users\mothzilla\Documents\of_v0.7.4_vs2010_release\of_v0.7.4_vs2010_release\apps\myApps\openRowland\bin\pocofoundationmdd.pdb'; linking object as if no debug info
     1>PocoFoundationmdd.lib(TextConverter.obj) : warning LNK4099: PDB 'pocofoundationmdd.pdb' was not found with 'PocoFoundationmdd.lib(TextConverter.obj)' or at 'C:\Users\mothzilla\Documents\of_v0.7.4_vs2010_release\of_v0.7.4_vs2010_release\apps\myApps\openRowland\bin\pocofoundationmdd.pdb'; linking object as if no debug info
     1>PocoFoundationmdd.lib(TextEncoding.obj) : warning LNK4099: PDB 'pocofoundationmdd.pdb' was not found with 'PocoFoundationmdd.lib(TextEncoding.obj)' or at 'C:\Users\mothzilla\Documents\of_v0.7.4_vs2010_release\of_v0.7.4_vs2010_release\apps\myApps\openRowland\bin\pocofoundationmdd.pdb'; linking object as if no debug info
     1>PocoFoundationmdd.lib(TextIterator.obj) : warning LNK4099: PDB 'pocofoundationmdd.pdb' was not found with 'PocoFoundationmdd.lib(TextIterator.obj)' or at 'C:\Users\mothzilla\Documents\of_v0.7.4_vs2010_release\of_v0.7.4_vs2010_release\apps\myApps\openRowland\bin\pocofoundationmdd.pdb'; linking object as if no debug info
     1>PocoFoundationmdd.lib(UnicodeConverter.obj) : warning LNK4099: PDB 'pocofoundationmdd.pdb' was not found with 'PocoFoundationmdd.lib(UnicodeConverter.obj)' or at 'C:\Users\mothzilla\Documents\of_v0.7.4_vs2010_release\of_v0.7.4_vs2010_release\apps\myApps\openRowland\bin\pocofoundationmdd.pdb'; linking object as if no debug info
     1>PocoFoundationmdd.lib(UTF16Encoding.obj) : warning LNK4099: PDB 'pocofoundationmdd.pdb' was not found with 'PocoFoundationmdd.lib(UTF16Encoding.obj)' or at 'C:\Users\mothzilla\Documents\of_v0.7.4_vs2010_release\of_v0.7.4_vs2010_release\apps\myApps\openRowland\bin\pocofoundationmdd.pdb'; linking object as if no debug info
     1>PocoFoundationmdd.lib(UTF8Encoding.obj) : warning LNK4099: PDB 'pocofoundationmdd.pdb' was not found with 'PocoFoundationmdd.lib(UTF8Encoding.obj)' or at 'C:\Users\mothzilla\Documents\of_v0.7.4_vs2010_release\of_v0.7.4_vs2010_release\apps\myApps\openRowland\bin\pocofoundationmdd.pdb'; linking object as if no debug info
     1>PocoFoundationmdd.lib(Windows1252Encoding.obj) : warning LNK4099: PDB 'pocofoundationmdd.pdb' was not found with 'PocoFoundationmdd.lib(Windows1252Encoding.obj)' or at 'C:\Users\mothzilla\Documents\of_v0.7.4_vs2010_release\of_v0.7.4_vs2010_release\apps\myApps\openRowland\bin\pocofoundationmdd.pdb'; linking object as if no debug info
     1>PocoFoundationmdd.lib(FileStreamFactory.obj) : warning LNK4099: PDB 'pocofoundationmdd.pdb' was not found with 'PocoFoundationmdd.lib(FileStreamFactory.obj)' or at 'C:\Users\mothzilla\Documents\of_v0.7.4_vs2010_release\of_v0.7.4_vs2010_release\apps\myApps\openRowland\bin\pocofoundationmdd.pdb'; linking object as if no debug info
     1>PocoFoundationmdd.lib(URI.obj) : warning LNK4099: PDB 'pocofoundationmdd.pdb' was not found with 'PocoFoundationmdd.lib(URI.obj)' or at 'C:\Users\mothzilla\Documents\of_v0.7.4_vs2010_release\of_v0.7.4_vs2010_release\apps\myApps\openRowland\bin\pocofoundationmdd.pdb'; linking object as if no debug info
     1>PocoFoundationmdd.lib(URIStreamFactory.obj) : warning LNK4099: PDB 'pocofoundationmdd.pdb' was not found with 'PocoFoundationmdd.lib(URIStreamFactory.obj)' or at 'C:\Users\mothzilla\Documents\of_v0.7.4_vs2010_release\of_v0.7.4_vs2010_release\apps\myApps\openRowland\bin\pocofoundationmdd.pdb'; linking object as if no debug info
     1>PocoFoundationmdd.lib(URIStreamOpener.obj) : warning LNK4099: PDB 'pocofoundationmdd.pdb' was not found with 'PocoFoundationmdd.lib(URIStreamOpener.obj)' or at 'C:\Users\mothzilla\Documents\of_v0.7.4_vs2010_release\of_v0.7.4_vs2010_release\apps\myApps\openRowland\bin\pocofoundationmdd.pdb'; linking object as if no debug info
     1>PocoNetmdd.lib(DNS.obj) : warning LNK4099: PDB 'poconetmdd.pdb' was not found with 'PocoNetmdd.lib(DNS.obj)' or at 'C:\Users\mothzilla\Documents\of_v0.7.4_vs2010_release\of_v0.7.4_vs2010_release\apps\myApps\openRowland\bin\poconetmdd.pdb'; linking object as if no debug info
     1>PocoNetmdd.lib(HostEntry.obj) : warning LNK4099: PDB 'poconetmdd.pdb' was not found with 'PocoNetmdd.lib(HostEntry.obj)' or at 'C:\Users\mothzilla\Documents\of_v0.7.4_vs2010_release\of_v0.7.4_vs2010_release\apps\myApps\openRowland\bin\poconetmdd.pdb'; linking object as if no debug info
     1>PocoNetmdd.lib(IPAddress.obj) : warning LNK4099: PDB 'poconetmdd.pdb' was not found with 'PocoNetmdd.lib(IPAddress.obj)' or at 'C:\Users\mothzilla\Documents\of_v0.7.4_vs2010_release\of_v0.7.4_vs2010_release\apps\myApps\openRowland\bin\poconetmdd.pdb'; linking object as if no debug info
     1>PocoNetmdd.lib(NetException.obj) : warning LNK4099: PDB 'poconetmdd.pdb' was not found with 'PocoNetmdd.lib(NetException.obj)' or at 'C:\Users\mothzilla\Documents\of_v0.7.4_vs2010_release\of_v0.7.4_vs2010_release\apps\myApps\openRowland\bin\poconetmdd.pdb'; linking object as if no debug info
     1>PocoNetmdd.lib(SocketAddress.obj) : warning LNK4099: PDB 'poconetmdd.pdb' was not found with 'PocoNetmdd.lib(SocketAddress.obj)' or at 'C:\Users\mothzilla\Documents\of_v0.7.4_vs2010_release\of_v0.7.4_vs2010_release\apps\myApps\openRowland\bin\poconetmdd.pdb'; linking object as if no debug info
     1>PocoNetmdd.lib(Socket.obj) : warning LNK4099: PDB 'poconetmdd.pdb' was not found with 'PocoNetmdd.lib(Socket.obj)' or at 'C:\Users\mothzilla\Documents\of_v0.7.4_vs2010_release\of_v0.7.4_vs2010_release\apps\myApps\openRowland\bin\poconetmdd.pdb'; linking object as if no debug info
     1>PocoNetmdd.lib(SocketImpl.obj) : warning LNK4099: PDB 'poconetmdd.pdb' was not found with 'PocoNetmdd.lib(SocketImpl.obj)' or at 'C:\Users\mothzilla\Documents\of_v0.7.4_vs2010_release\of_v0.7.4_vs2010_release\apps\myApps\openRowland\bin\poconetmdd.pdb'; linking object as if no debug info
     1>PocoNetmdd.lib(StreamSocket.obj) : warning LNK4099: PDB 'poconetmdd.pdb' was not found with 'PocoNetmdd.lib(StreamSocket.obj)' or at 'C:\Users\mothzilla\Documents\of_v0.7.4_vs2010_release\of_v0.7.4_vs2010_release\apps\myApps\openRowland\bin\poconetmdd.pdb'; linking object as if no debug info
     1>PocoNetmdd.lib(StreamSocketImpl.obj) : warning LNK4099: PDB 'poconetmdd.pdb' was not found with 'PocoNetmdd.lib(StreamSocketImpl.obj)' or at 'C:\Users\mothzilla\Documents\of_v0.7.4_vs2010_release\of_v0.7.4_vs2010_release\apps\myApps\openRowland\bin\poconetmdd.pdb'; linking object as if no debug info
     1>PocoNetmdd.lib(MediaType.obj) : warning LNK4099: PDB 'poconetmdd.pdb' was not found with 'PocoNetmdd.lib(MediaType.obj)' or at 'C:\Users\mothzilla\Documents\of_v0.7.4_vs2010_release\of_v0.7.4_vs2010_release\apps\myApps\openRowland\bin\poconetmdd.pdb'; linking object as if no debug info
     1>PocoNetmdd.lib(MessageHeader.obj) : warning LNK4099: PDB 'poconetmdd.pdb' was not found with 'PocoNetmdd.lib(MessageHeader.obj)' or at 'C:\Users\mothzilla\Documents\of_v0.7.4_vs2010_release\of_v0.7.4_vs2010_release\apps\myApps\openRowland\bin\poconetmdd.pdb'; linking object as if no debug info
     1>PocoNetmdd.lib(NameValueCollection.obj) : warning LNK4099: PDB 'poconetmdd.pdb' was not found with 'PocoNetmdd.lib(NameValueCollection.obj)' or at 'C:\Users\mothzilla\Documents\of_v0.7.4_vs2010_release\of_v0.7.4_vs2010_release\apps\myApps\openRowland\bin\poconetmdd.pdb'; linking object as if no debug info
     1>PocoNetmdd.lib(HTTPAuthenticationParams.obj) : warning LNK4099: PDB 'poconetmdd.pdb' was not found with 'PocoNetmdd.lib(HTTPAuthenticationParams.obj)' or at 'C:\Users\mothzilla\Documents\of_v0.7.4_vs2010_release\of_v0.7.4_vs2010_release\apps\myApps\openRowland\bin\poconetmdd.pdb'; linking object as if no debug info
     1>PocoNetmdd.lib(HTTPBasicCredentials.obj) : warning LNK4099: PDB 'poconetmdd.pdb' was not found with 'PocoNetmdd.lib(HTTPBasicCredentials.obj)' or at 'C:\Users\mothzilla\Documents\of_v0.7.4_vs2010_release\of_v0.7.4_vs2010_release\apps\myApps\openRowland\bin\poconetmdd.pdb'; linking object as if no debug info
     1>PocoNetmdd.lib(HTTPBufferAllocator.obj) : warning LNK4099: PDB 'poconetmdd.pdb' was not found with 'PocoNetmdd.lib(HTTPBufferAllocator.obj)' or at 'C:\Users\mothzilla\Documents\of_v0.7.4_vs2010_release\of_v0.7.4_vs2010_release\apps\myApps\openRowland\bin\poconetmdd.pdb'; linking object as if no debug info
     1>PocoNetmdd.lib(HTTPChunkedStream.obj) : warning LNK4099: PDB 'poconetmdd.pdb' was not found with 'PocoNetmdd.lib(HTTPChunkedStream.obj)' or at 'C:\Users\mothzilla\Documents\of_v0.7.4_vs2010_release\of_v0.7.4_vs2010_release\apps\myApps\openRowland\bin\poconetmdd.pdb'; linking object as if no debug info
     1>PocoNetmdd.lib(HTTPCookie.obj) : warning LNK4099: PDB 'poconetmdd.pdb' was not found with 'PocoNetmdd.lib(HTTPCookie.obj)' or at 'C:\Users\mothzilla\Documents\of_v0.7.4_vs2010_release\of_v0.7.4_vs2010_release\apps\myApps\openRowland\bin\poconetmdd.pdb'; linking object as if no debug info
     1>PocoNetmdd.lib(HTTPCredentials.obj) : warning LNK4099: PDB 'poconetmdd.pdb' was not found with 'PocoNetmdd.lib(HTTPCredentials.obj)' or at 'C:\Users\mothzilla\Documents\of_v0.7.4_vs2010_release\of_v0.7.4_vs2010_release\apps\myApps\openRowland\bin\poconetmdd.pdb'; linking object as if no debug info
     1>PocoNetmdd.lib(HTTPDigestCredentials.obj) : warning LNK4099: PDB 'poconetmdd.pdb' was not found with 'PocoNetmdd.lib(HTTPDigestCredentials.obj)' or at 'C:\Users\mothzilla\Documents\of_v0.7.4_vs2010_release\of_v0.7.4_vs2010_release\apps\myApps\openRowland\bin\poconetmdd.pdb'; linking object as if no debug info
     1>PocoNetmdd.lib(HTTPFixedLengthStream.obj) : warning LNK4099: PDB 'poconetmdd.pdb' was not found with 'PocoNetmdd.lib(HTTPFixedLengthStream.obj)' or at 'C:\Users\mothzilla\Documents\of_v0.7.4_vs2010_release\of_v0.7.4_vs2010_release\apps\myApps\openRowland\bin\poconetmdd.pdb'; linking object as if no debug info
     1>PocoNetmdd.lib(HTTPHeaderStream.obj) : warning LNK4099: PDB 'poconetmdd.pdb' was not found with 'PocoNetmdd.lib(HTTPHeaderStream.obj)' or at 'C:\Users\mothzilla\Documents\of_v0.7.4_vs2010_release\of_v0.7.4_vs2010_release\apps\myApps\openRowland\bin\poconetmdd.pdb'; linking object as if no debug info
     1>PocoNetmdd.lib(HTTPMessage.obj) : warning LNK4099: PDB 'poconetmdd.pdb' was not found with 'PocoNetmdd.lib(HTTPMessage.obj)' or at 'C:\Users\mothzilla\Documents\of_v0.7.4_vs2010_release\of_v0.7.4_vs2010_release\apps\myApps\openRowland\bin\poconetmdd.pdb'; linking object as if no debug info
     1>PocoNetmdd.lib(HTTPRequest.obj) : warning LNK4099: PDB 'poconetmdd.pdb' was not found with 'PocoNetmdd.lib(HTTPRequest.obj)' or at 'C:\Users\mothzilla\Documents\of_v0.7.4_vs2010_release\of_v0.7.4_vs2010_release\apps\myApps\openRowland\bin\poconetmdd.pdb'; linking object as if no debug info
     1>PocoNetmdd.lib(HTTPResponse.obj) : warning LNK4099: PDB 'poconetmdd.pdb' was not found with 'PocoNetmdd.lib(HTTPResponse.obj)' or at 'C:\Users\mothzilla\Documents\of_v0.7.4_vs2010_release\of_v0.7.4_vs2010_release\apps\myApps\openRowland\bin\poconetmdd.pdb'; linking object as if no debug info
     1>PocoNetmdd.lib(HTTPSession.obj) : warning LNK4099: PDB 'poconetmdd.pdb' was not found with 'PocoNetmdd.lib(HTTPSession.obj)' or at 'C:\Users\mothzilla\Documents\of_v0.7.4_vs2010_release\of_v0.7.4_vs2010_release\apps\myApps\openRowland\bin\poconetmdd.pdb'; linking object as if no debug info
     1>PocoNetmdd.lib(HTTPStream.obj) : warning LNK4099: PDB 'poconetmdd.pdb' was not found with 'PocoNetmdd.lib(HTTPStream.obj)' or at 'C:\Users\mothzilla\Documents\of_v0.7.4_vs2010_release\of_v0.7.4_vs2010_release\apps\myApps\openRowland\bin\poconetmdd.pdb'; linking object as if no debug info
     1>PocoNetmdd.lib(HTTPClientSession.obj) : warning LNK4099: PDB 'poconetmdd.pdb' was not found with 'PocoNetmdd.lib(HTTPClientSession.obj)' or at 'C:\Users\mothzilla\Documents\of_v0.7.4_vs2010_release\of_v0.7.4_vs2010_release\apps\myApps\openRowland\bin\poconetmdd.pdb'; linking object as if no debug info
     1>PocoNetmdd.lib(HTTPIOStream.obj) : warning LNK4099: PDB 'poconetmdd.pdb' was not found with 'PocoNetmdd.lib(HTTPIOStream.obj)' or at 'C:\Users\mothzilla\Documents\of_v0.7.4_vs2010_release\of_v0.7.4_vs2010_release\apps\myApps\openRowland\bin\poconetmdd.pdb'; linking object as if no debug info
     1>PocoNetmdd.lib(HTTPStreamFactory.obj) : warning LNK4099: PDB 'poconetmdd.pdb' was not found with 'PocoNetmdd.lib(HTTPStreamFactory.obj)' or at 'C:\Users\mothzilla\Documents\of_v0.7.4_vs2010_release\of_v0.7.4_vs2010_release\apps\myApps\openRowland\bin\poconetmdd.pdb'; linking object as if no debug info
     1>tess2.lib(bucketalloc.obj) : warning LNK4099: PDB 'vc100.pdb' was not found with 'tess2.lib(bucketalloc.obj)' or at 'C:\Users\mothzilla\Documents\of_v0.7.4_vs2010_release\of_v0.7.4_vs2010_release\apps\myApps\openRowland\bin\vc100.pdb'; linking object as if no debug info
     1>tess2.lib(dict.obj) : warning LNK4099: PDB 'vc100.pdb' was not found with 'tess2.lib(dict.obj)' or at 'C:\Users\mothzilla\Documents\of_v0.7.4_vs2010_release\of_v0.7.4_vs2010_release\apps\myApps\openRowland\bin\vc100.pdb'; linking object as if no debug info
     1>tess2.lib(geom.obj) : warning LNK4099: PDB 'vc100.pdb' was not found with 'tess2.lib(geom.obj)' or at 'C:\Users\mothzilla\Documents\of_v0.7.4_vs2010_release\of_v0.7.4_vs2010_release\apps\myApps\openRowland\bin\vc100.pdb'; linking object as if no debug info
     1>tess2.lib(mesh.obj) : warning LNK4099: PDB 'vc100.pdb' was not found with 'tess2.lib(mesh.obj)' or at 'C:\Users\mothzilla\Documents\of_v0.7.4_vs2010_release\of_v0.7.4_vs2010_release\apps\myApps\openRowland\bin\vc100.pdb'; linking object as if no debug info
     1>tess2.lib(priorityq.obj) : warning LNK4099: PDB 'vc100.pdb' was not found with 'tess2.lib(priorityq.obj)' or at 'C:\Users\mothzilla\Documents\of_v0.7.4_vs2010_release\of_v0.7.4_vs2010_release\apps\myApps\openRowland\bin\vc100.pdb'; linking object as if no debug info
     1>tess2.lib(sweep.obj) : warning LNK4099: PDB 'vc100.pdb' was not found with 'tess2.lib(sweep.obj)' or at 'C:\Users\mothzilla\Documents\of_v0.7.4_vs2010_release\of_v0.7.4_vs2010_release\apps\myApps\openRowland\bin\vc100.pdb'; linking object as if no debug info
     1>tess2.lib(tess.obj) : warning LNK4099: PDB 'vc100.pdb' was not found with 'tess2.lib(tess.obj)' or at 'C:\Users\mothzilla\Documents\of_v0.7.4_vs2010_release\of_v0.7.4_vs2010_release\apps\myApps\openRowland\bin\vc100.pdb'; linking object as if no debug info
       Manifest:
         C:\Program Files (x86)\Microsoft SDKs\Windows\v7.0A\bin\mt.exe /nologo /verbose /out:"obj\Debug\openRowland_debug.exe.embed.manifest" /manifest obj\Debug\openRowland_debug.exe.intermediate.manifest
         C:\Program Files (x86)\Microsoft SDKs\Windows\v7.0A\bin\rc.exe /nologo /fo"obj\Debug\openRowland_debug.exe.embed.manifest.res" obj\Debug\openRowland_debug_manifest.rc 
       LinkEmbedManifest:
         c:\Program Files (x86)\Microsoft Visual Studio 10.0\VC\bin\link.exe /ERRORREPORT:PROMPT /OUT:"bin\openRowland_debug.exe" /INCREMENTAL /NOLOGO /LIBPATH:..\..\..\libs\glut\lib\vs2010 /LIBPATH:..\..\..\libs\rtAudio\lib\vs2010 /LIBPATH:..\..\..\libs\FreeImage\lib\vs2010 /LIBPATH:..\..\..\libs\freetype\lib\vs2010 /LIBPATH:..\..\..\libs\quicktime\lib\vs2010 /LIBPATH:..\..\..\libs\fmodex\lib\vs2010 /LIBPATH:..\..\..\libs\videoInput\lib\vs2010 /LIBPATH:..\..\..\libs\cairo\lib\vs2010 /LIBPATH:..\..\..\libs\glew\lib\vs2010 /LIBPATH:..\..\..\libs\glu\lib\vs2010 /LIBPATH:..\..\..\libs\Poco\lib\vs2010 /LIBPATH:..\..\..\libs\tess2\lib\vs2010 "cairo-static.lib" "pixman-1.lib" msimg32.lib OpenGL32.lib GLu32.lib kernel32.lib setupapi.lib Vfw32.lib comctl32.lib glut32.lib rtAudioD.lib videoInput.lib libfreetype.lib FreeImage.lib qtmlClient.lib dsound.lib user32.lib gdi32.lib winspool.lib comdlg32.lib advapi32.lib shell32.lib ole32.lib oleaut32.lib uuid.lib glew32s.lib fmodex_vc.lib glu32.lib PocoFoundationmdd.lib PocoNetmdd.lib PocoUtilmdd.lib PocoXMLmdd.lib Ws2_32.lib tess2.lib kernel32.lib user32.lib gdi32.lib winspool.lib comdlg32.lib advapi32.lib shell32.lib ole32.lib oleaut32.lib uuid.lib odbc32.lib odbccp32.lib /NODEFAULTLIB:PocoFoundationd.lib /NODEFAULTLIB:atlthunk.lib /NODEFAULTLIB:LIBC.lib /NODEFAULTLIB:LIBCMT /MANIFEST /ManifestFile:"obj\Debug\openRowland_debug.exe.intermediate.manifest" /MANIFESTUAC:"level='asInvoker' uiAccess='false'" /DEBUG /PDB:"C:\Users\mothzilla\Documents\of_v0.7.4_vs2010_release\of_v0.7.4_vs2010_release\apps\myApps\openRowland\bin\openRowland_debug_debugInfo.pdb" /SUBSYSTEM:CONSOLE /TLBID:1 /DYNAMICBASE:NO /IMPLIB:"bin\openRowland_debug.lib" /MACHINE:X86 obj\Debug\openRowland_debug.exe.embed.manifest.res
         obj\Debug\graph.obj
         obj\Debug\main.obj
         obj\Debug\testApp.obj
         obj\Debug\ofxXmlSettings.obj
         obj\Debug\tinyxml.obj
         obj\Debug\tinyxmlerror.obj
         obj\Debug\tinyxmlparser.obj
         obj\Debug\guiBaseObject.obj
         obj\Debug\guiCallback.obj
         obj\Debug\guiCallbackValue.obj
         obj\Debug\guiColor.obj
         obj\Debug\guiTextBase.obj
         obj\Debug\guiType2DSlider.obj
         obj\Debug\guiTypeButtonSlider.obj
         obj\Debug\guiTypeChartPlotter.obj
         obj\Debug\guiTypeCustom.obj
         obj\Debug\guiTypeDrawable.obj
         obj\Debug\guiTypeFileLister.obj
         obj\Debug\guiTypeLabel.obj
         obj\Debug\guiTypeLogger.obj
         obj\Debug\guiTypeMultiToggle.obj
         obj\Debug\guiTypePanel.obj
         obj\Debug\guiTypeSlider.obj
         obj\Debug\guiTypeText.obj
         obj\Debug\guiTypeTextDropDown.obj
         obj\Debug\guiTypeTextInput.obj
         obj\Debug\guiTypeToggle.obj
         obj\Debug\guiTypeVairableLister.obj
         obj\Debug\guiTypeVideo.obj
         obj\Debug\guiValue.obj
         obj\Debug\ofxControlPanel.obj
         obj\Debug\simpleColor.obj
         obj\Debug\simpleFileLister.obj
         obj\Debug\simpleLogger.obj
         C:\Users\mothzilla\Documents\of_v0.7.4_vs2010_release\of_v0.7.4_vs2010_release\libs\openFrameworksCompiled\lib\vs2010\openframeworksLibDebug.lib
            Creating library bin\openRowland_debug.lib and object bin\openRowland_debug.exp
     1>MSVCRTD.lib(cinitexe.obj) : warning LNK4098: defaultlib 'msvcrt.lib' conflicts with use of other libs; use /NODEFAULTLIB:library
     1>PocoFoundationmdd.lib(Ascii.obj) : warning LNK4099: PDB 'pocofoundationmdd.pdb' was not found with 'PocoFoundationmdd.lib(Ascii.obj)' or at 'C:\Users\mothzilla\Documents\of_v0.7.4_vs2010_release\of_v0.7.4_vs2010_release\apps\myApps\openRowland\bin\pocofoundationmdd.pdb'; linking object as if no debug info
     1>PocoFoundationmdd.lib(AtomicCounter.obj) : warning LNK4099: PDB 'pocofoundationmdd.pdb' was not found with 'PocoFoundationmdd.lib(AtomicCounter.obj)' or at 'C:\Users\mothzilla\Documents\of_v0.7.4_vs2010_release\of_v0.7.4_vs2010_release\apps\myApps\openRowland\bin\pocofoundationmdd.pdb'; linking object as if no debug info
     1>PocoFoundationmdd.lib(Bugcheck.obj) : warning LNK4099: PDB 'pocofoundationmdd.pdb' was not found with 'PocoFoundationmdd.lib(Bugcheck.obj)' or at 'C:\Users\mothzilla\Documents\of_v0.7.4_vs2010_release\of_v0.7.4_vs2010_release\apps\myApps\openRowland\bin\pocofoundationmdd.pdb'; linking object as if no debug info
     1>PocoFoundationmdd.lib(Debugger.obj) : warning LNK4099: PDB 'pocofoundationmdd.pdb' was not found with 'PocoFoundationmdd.lib(Debugger.obj)' or at 'C:\Users\mothzilla\Documents\of_v0.7.4_vs2010_release\of_v0.7.4_vs2010_release\apps\myApps\openRowland\bin\pocofoundationmdd.pdb'; linking object as if no debug info
     1>PocoFoundationmdd.lib(Environment.obj) : warning LNK4099: PDB 'pocofoundationmdd.pdb' was not found with 'PocoFoundationmdd.lib(Environment.obj)' or at 'C:\Users\mothzilla\Documents\of_v0.7.4_vs2010_release\of_v0.7.4_vs2010_release\apps\myApps\openRowland\bin\pocofoundationmdd.pdb'; linking object as if no debug info
     1>PocoFoundationmdd.lib(Exception.obj) : warning LNK4099: PDB 'pocofoundationmdd.pdb' was not found with 'PocoFoundationmdd.lib(Exception.obj)' or at 'C:\Users\mothzilla\Documents\of_v0.7.4_vs2010_release\of_v0.7.4_vs2010_release\apps\myApps\openRowland\bin\pocofoundationmdd.pdb'; linking object as if no debug info
     1>PocoFoundationmdd.lib(MemoryPool.obj) : warning LNK4099: PDB 'pocofoundationmdd.pdb' was not found with 'PocoFoundationmdd.lib(MemoryPool.obj)' or at 'C:\Users\mothzilla\Documents\of_v0.7.4_vs2010_release\of_v0.7.4_vs2010_release\apps\myApps\openRowland\bin\pocofoundationmdd.pdb'; linking object as if no debug info
     1>PocoFoundationmdd.lib(NumberFormatter.obj) : warning LNK4099: PDB 'pocofoundationmdd.pdb' was not found with 'PocoFoundationmdd.lib(NumberFormatter.obj)' or at 'C:\Users\mothzilla\Documents\of_v0.7.4_vs2010_release\of_v0.7.4_vs2010_release\apps\myApps\openRowland\bin\pocofoundationmdd.pdb'; linking object as if no debug info
     1>PocoFoundationmdd.lib(NumberParser.obj) : warning LNK4099: PDB 'pocofoundationmdd.pdb' was not found with 'PocoFoundationmdd.lib(NumberParser.obj)' or at 'C:\Users\mothzilla\Documents\of_v0.7.4_vs2010_release\of_v0.7.4_vs2010_release\apps\myApps\openRowland\bin\pocofoundationmdd.pdb'; linking object as if no debug info
     1>PocoFoundationmdd.lib(RefCountedObject.obj) : warning LNK4099: PDB 'pocofoundationmdd.pdb' was not found with 'PocoFoundationmdd.lib(RefCountedObject.obj)' or at 'C:\Users\mothzilla\Documents\of_v0.7.4_vs2010_release\of_v0.7.4_vs2010_release\apps\myApps\openRowland\bin\pocofoundationmdd.pdb'; linking object as if no debug info
     1>PocoFoundationmdd.lib(StringTokenizer.obj) : warning LNK4099: PDB 'pocofoundationmdd.pdb' was not found with 'PocoFoundationmdd.lib(StringTokenizer.obj)' or at 'C:\Users\mothzilla\Documents\of_v0.7.4_vs2010_release\of_v0.7.4_vs2010_release\apps\myApps\openRowland\bin\pocofoundationmdd.pdb'; linking object as if no debug info
     1>PocoFoundationmdd.lib(Base64Decoder.obj) : warning LNK4099: PDB 'pocofoundationmdd.pdb' was not found with 'PocoFoundationmdd.lib(Base64Decoder.obj)' or at 'C:\Users\mothzilla\Documents\of_v0.7.4_vs2010_release\of_v0.7.4_vs2010_release\apps\myApps\openRowland\bin\pocofoundationmdd.pdb'; linking object as if no debug info
     1>PocoFoundationmdd.lib(Base64Encoder.obj) : warning LNK4099: PDB 'pocofoundationmdd.pdb' was not found with 'PocoFoundationmdd.lib(Base64Encoder.obj)' or at 'C:\Users\mothzilla\Documents\of_v0.7.4_vs2010_release\of_v0.7.4_vs2010_release\apps\myApps\openRowland\bin\pocofoundationmdd.pdb'; linking object as if no debug info
     1>PocoFoundationmdd.lib(CountingStream.obj) : warning LNK4099: PDB 'pocofoundationmdd.pdb' was not found with 'PocoFoundationmdd.lib(CountingStream.obj)' or at 'C:\Users\mothzilla\Documents\of_v0.7.4_vs2010_release\of_v0.7.4_vs2010_release\apps\myApps\openRowland\bin\pocofoundationmdd.pdb'; linking object as if no debug info
     1>PocoFoundationmdd.lib(FileStream.obj) : warning LNK4099: PDB 'pocofoundationmdd.pdb' was not found with 'PocoFoundationmdd.lib(FileStream.obj)' or at 'C:\Users\mothzilla\Documents\of_v0.7.4_vs2010_release\of_v0.7.4_vs2010_release\apps\myApps\openRowland\bin\pocofoundationmdd.pdb'; linking object as if no debug info
     1>PocoFoundationmdd.lib(MemoryStream.obj) : warning LNK4099: PDB 'pocofoundationmdd.pdb' was not found with 'PocoFoundationmdd.lib(MemoryStream.obj)' or at 'C:\Users\mothzilla\Documents\of_v0.7.4_vs2010_release\of_v0.7.4_vs2010_release\apps\myApps\openRowland\bin\pocofoundationmdd.pdb'; linking object as if no debug info
     1>PocoFoundationmdd.lib(NullStream.obj) : warning LNK4099: PDB 'pocofoundationmdd.pdb' was not found with 'PocoFoundationmdd.lib(NullStream.obj)' or at 'C:\Users\mothzilla\Documents\of_v0.7.4_vs2010_release\of_v0.7.4_vs2010_release\apps\myApps\openRowland\bin\pocofoundationmdd.pdb'; linking object as if no debug info
     1>PocoFoundationmdd.lib(StreamCopier.obj) : warning LNK4099: PDB 'pocofoundationmdd.pdb' was not found with 'PocoFoundationmdd.lib(StreamCopier.obj)' or at 'C:\Users\mothzilla\Documents\of_v0.7.4_vs2010_release\of_v0.7.4_vs2010_release\apps\myApps\openRowland\bin\pocofoundationmdd.pdb'; linking object as if no debug info
     1>PocoFoundationmdd.lib(adler32.obj) : warning LNK4099: PDB 'pocofoundationmdd.pdb' was not found with 'PocoFoundationmdd.lib(adler32.obj)' or at 'C:\Users\mothzilla\Documents\of_v0.7.4_vs2010_release\of_v0.7.4_vs2010_release\apps\myApps\openRowland\bin\pocofoundationmdd.pdb'; linking object as if no debug info
     1>PocoFoundationmdd.lib(crc32.obj) : warning LNK4099: PDB 'pocofoundationmdd.pdb' was not found with 'PocoFoundationmdd.lib(crc32.obj)' or at 'C:\Users\mothzilla\Documents\of_v0.7.4_vs2010_release\of_v0.7.4_vs2010_release\apps\myApps\openRowland\bin\pocofoundationmdd.pdb'; linking object as if no debug info
     1>PocoFoundationmdd.lib(deflate.obj) : warning LNK4099: PDB 'pocofoundationmdd.pdb' was not found with 'PocoFoundationmdd.lib(deflate.obj)' or at 'C:\Users\mothzilla\Documents\of_v0.7.4_vs2010_release\of_v0.7.4_vs2010_release\apps\myApps\openRowland\bin\pocofoundationmdd.pdb'; linking object as if no debug info
     1>PocoFoundationmdd.lib(trees.obj) : warning LNK4099: PDB 'pocofoundationmdd.pdb' was not found with 'PocoFoundationmdd.lib(trees.obj)' or at 'C:\Users\mothzilla\Documents\of_v0.7.4_vs2010_release\of_v0.7.4_vs2010_release\apps\myApps\openRowland\bin\pocofoundationmdd.pdb'; linking object as if no debug info
     1>PocoFoundationmdd.lib(zutil.obj) : warning LNK4099: PDB 'pocofoundationmdd.pdb' was not found with 'PocoFoundationmdd.lib(zutil.obj)' or at 'C:\Users\mothzilla\Documents\of_v0.7.4_vs2010_release\of_v0.7.4_vs2010_release\apps\myApps\openRowland\bin\pocofoundationmdd.pdb'; linking object as if no debug info
     1>PocoFoundationmdd.lib(Condition.obj) : warning LNK4099: PDB 'pocofoundationmdd.pdb' was not found with 'PocoFoundationmdd.lib(Condition.obj)' or at 'C:\Users\mothzilla\Documents\of_v0.7.4_vs2010_release\of_v0.7.4_vs2010_release\apps\myApps\openRowland\bin\pocofoundationmdd.pdb'; linking object as if no debug info
     1>PocoFoundationmdd.lib(ErrorHandler.obj) : warning LNK4099: PDB 'pocofoundationmdd.pdb' was not found with 'PocoFoundationmdd.lib(ErrorHandler.obj)' or at 'C:\Users\mothzilla\Documents\of_v0.7.4_vs2010_release\of_v0.7.4_vs2010_release\apps\myApps\openRowland\bin\pocofoundationmdd.pdb'; linking object as if no debug info
     1>PocoFoundationmdd.lib(Event.obj) : warning LNK4099: PDB 'pocofoundationmdd.pdb' was not found with 'PocoFoundationmdd.lib(Event.obj)' or at 'C:\Users\mothzilla\Documents\of_v0.7.4_vs2010_release\of_v0.7.4_vs2010_release\apps\myApps\openRowland\bin\pocofoundationmdd.pdb'; linking object as if no debug info
     1>PocoFoundationmdd.lib(Mutex.obj) : warning LNK4099: PDB 'pocofoundationmdd.pdb' was not found with 'PocoFoundationmdd.lib(Mutex.obj)' or at 'C:\Users\mothzilla\Documents\of_v0.7.4_vs2010_release\of_v0.7.4_vs2010_release\apps\myApps\openRowland\bin\pocofoundationmdd.pdb'; linking object as if no debug info
     1>PocoFoundationmdd.lib(Runnable.obj) : warning LNK4099: PDB 'pocofoundationmdd.pdb' was not found with 'PocoFoundationmdd.lib(Runnable.obj)' or at 'C:\Users\mothzilla\Documents\of_v0.7.4_vs2010_release\of_v0.7.4_vs2010_release\apps\myApps\openRowland\bin\pocofoundationmdd.pdb'; linking object as if no debug info
     1>PocoFoundationmdd.lib(RWLock.obj) : warning LNK4099: PDB 'pocofoundationmdd.pdb' was not found with 'PocoFoundationmdd.lib(RWLock.obj)' or at 'C:\Users\mothzilla\Documents\of_v0.7.4_vs2010_release\of_v0.7.4_vs2010_release\apps\myApps\openRowland\bin\pocofoundationmdd.pdb'; linking object as if no debug info
     1>PocoFoundationmdd.lib(Thread.obj) : warning LNK4099: PDB 'pocofoundationmdd.pdb' was not found with 'PocoFoundationmdd.lib(Thread.obj)' or at 'C:\Users\mothzilla\Documents\of_v0.7.4_vs2010_release\of_v0.7.4_vs2010_release\apps\myApps\openRowland\bin\pocofoundationmdd.pdb'; linking object as if no debug info
     1>PocoFoundationmdd.lib(ThreadLocal.obj) : warning LNK4099: PDB 'pocofoundationmdd.pdb' was not found with 'PocoFoundationmdd.lib(ThreadLocal.obj)' or at 'C:\Users\mothzilla\Documents\of_v0.7.4_vs2010_release\of_v0.7.4_vs2010_release\apps\myApps\openRowland\bin\pocofoundationmdd.pdb'; linking object as if no debug info
     1>PocoFoundationmdd.lib(DigestEngine.obj) : warning LNK4099: PDB 'pocofoundationmdd.pdb' was not found with 'PocoFoundationmdd.lib(DigestEngine.obj)' or at 'C:\Users\mothzilla\Documents\of_v0.7.4_vs2010_release\of_v0.7.4_vs2010_release\apps\myApps\openRowland\bin\pocofoundationmdd.pdb'; linking object as if no debug info
     1>PocoFoundationmdd.lib(MD5Engine.obj) : warning LNK4099: PDB 'pocofoundationmdd.pdb' was not found with 'PocoFoundationmdd.lib(MD5Engine.obj)' or at 'C:\Users\mothzilla\Documents\of_v0.7.4_vs2010_release\of_v0.7.4_vs2010_release\apps\myApps\openRowland\bin\pocofoundationmdd.pdb'; linking object as if no debug info
     1>PocoFoundationmdd.lib(DirectoryIterator.obj) : warning LNK4099: PDB 'pocofoundationmdd.pdb' was not found with 'PocoFoundationmdd.lib(DirectoryIterator.obj)' or at 'C:\Users\mothzilla\Documents\of_v0.7.4_vs2010_release\of_v0.7.4_vs2010_release\apps\myApps\openRowland\bin\pocofoundationmdd.pdb'; linking object as if no debug info
     1>PocoFoundationmdd.lib(File.obj) : warning LNK4099: PDB 'pocofoundationmdd.pdb' was not found with 'PocoFoundationmdd.lib(File.obj)' or at 'C:\Users\mothzilla\Documents\of_v0.7.4_vs2010_release\of_v0.7.4_vs2010_release\apps\myApps\openRowland\bin\pocofoundationmdd.pdb'; linking object as if no debug info
     1>PocoFoundationmdd.lib(Path.obj) : warning LNK4099: PDB 'pocofoundationmdd.pdb' was not found with 'PocoFoundationmdd.lib(Path.obj)' or at 'C:\Users\mothzilla\Documents\of_v0.7.4_vs2010_release\of_v0.7.4_vs2010_release\apps\myApps\openRowland\bin\pocofoundationmdd.pdb'; linking object as if no debug info
     1>PocoFoundationmdd.lib(DateTime.obj) : warning LNK4099: PDB 'pocofoundationmdd.pdb' was not found with 'PocoFoundationmdd.lib(DateTime.obj)' or at 'C:\Users\mothzilla\Documents\of_v0.7.4_vs2010_release\of_v0.7.4_vs2010_release\apps\myApps\openRowland\bin\pocofoundationmdd.pdb'; linking object as if no debug info
     1>PocoFoundationmdd.lib(DateTimeFormat.obj) : warning LNK4099: PDB 'pocofoundationmdd.pdb' was not found with 'PocoFoundationmdd.lib(DateTimeFormat.obj)' or at 'C:\Users\mothzilla\Documents\of_v0.7.4_vs2010_release\of_v0.7.4_vs2010_release\apps\myApps\openRowland\bin\pocofoundationmdd.pdb'; linking object as if no debug info
     1>PocoFoundationmdd.lib(DateTimeFormatter.obj) : warning LNK4099: PDB 'pocofoundationmdd.pdb' was not found with 'PocoFoundationmdd.lib(DateTimeFormatter.obj)' or at 'C:\Users\mothzilla\Documents\of_v0.7.4_vs2010_release\of_v0.7.4_vs2010_release\apps\myApps\openRowland\bin\pocofoundationmdd.pdb'; linking object as if no debug info
     1>PocoFoundationmdd.lib(DateTimeParser.obj) : warning LNK4099: PDB 'pocofoundationmdd.pdb' was not found with 'PocoFoundationmdd.lib(DateTimeParser.obj)' or at 'C:\Users\mothzilla\Documents\of_v0.7.4_vs2010_release\of_v0.7.4_vs2010_release\apps\myApps\openRowland\bin\pocofoundationmdd.pdb'; linking object as if no debug info
     1>PocoFoundationmdd.lib(LocalDateTime.obj) : warning LNK4099: PDB 'pocofoundationmdd.pdb' was not found with 'PocoFoundationmdd.lib(LocalDateTime.obj)' or at 'C:\Users\mothzilla\Documents\of_v0.7.4_vs2010_release\of_v0.7.4_vs2010_release\apps\myApps\openRowland\bin\pocofoundationmdd.pdb'; linking object as if no debug info
     1>PocoFoundationmdd.lib(Timespan.obj) : warning LNK4099: PDB 'pocofoundationmdd.pdb' was not found with 'PocoFoundationmdd.lib(Timespan.obj)' or at 'C:\Users\mothzilla\Documents\of_v0.7.4_vs2010_release\of_v0.7.4_vs2010_release\apps\myApps\openRowland\bin\pocofoundationmdd.pdb'; linking object as if no debug info
     1>PocoFoundationmdd.lib(Timestamp.obj) : warning LNK4099: PDB 'pocofoundationmdd.pdb' was not found with 'PocoFoundationmdd.lib(Timestamp.obj)' or at 'C:\Users\mothzilla\Documents\of_v0.7.4_vs2010_release\of_v0.7.4_vs2010_release\apps\myApps\openRowland\bin\pocofoundationmdd.pdb'; linking object as if no debug info
     1>PocoFoundationmdd.lib(Timezone.obj) : warning LNK4099: PDB 'pocofoundationmdd.pdb' was not found with 'PocoFoundationmdd.lib(Timezone.obj)' or at 'C:\Users\mothzilla\Documents\of_v0.7.4_vs2010_release\of_v0.7.4_vs2010_release\apps\myApps\openRowland\bin\pocofoundationmdd.pdb'; linking object as if no debug info
     1>PocoFoundationmdd.lib(ASCIIEncoding.obj) : warning LNK4099: PDB 'pocofoundationmdd.pdb' was not found with 'PocoFoundationmdd.lib(ASCIIEncoding.obj)' or at 'C:\Users\mothzilla\Documents\of_v0.7.4_vs2010_release\of_v0.7.4_vs2010_release\apps\myApps\openRowland\bin\pocofoundationmdd.pdb'; linking object as if no debug info
     1>PocoFoundationmdd.lib(Latin1Encoding.obj) : warning LNK4099: PDB 'pocofoundationmdd.pdb' was not found with 'PocoFoundationmdd.lib(Latin1Encoding.obj)' or at 'C:\Users\mothzilla\Documents\of_v0.7.4_vs2010_release\of_v0.7.4_vs2010_release\apps\myApps\openRowland\bin\pocofoundationmdd.pdb'; linking object as if no debug info
     1>PocoFoundationmdd.lib(Latin9Encoding.obj) : warning LNK4099: PDB 'pocofoundationmdd.pdb' was not found with 'PocoFoundationmdd.lib(Latin9Encoding.obj)' or at 'C:\Users\mothzilla\Documents\of_v0.7.4_vs2010_release\of_v0.7.4_vs2010_release\apps\myApps\openRowland\bin\pocofoundationmdd.pdb'; linking object as if no debug info
     1>PocoFoundationmdd.lib(TextConverter.obj) : warning LNK4099: PDB 'pocofoundationmdd.pdb' was not found with 'PocoFoundationmdd.lib(TextConverter.obj)' or at 'C:\Users\mothzilla\Documents\of_v0.7.4_vs2010_release\of_v0.7.4_vs2010_release\apps\myApps\openRowland\bin\pocofoundationmdd.pdb'; linking object as if no debug info
     1>PocoFoundationmdd.lib(TextEncoding.obj) : warning LNK4099: PDB 'pocofoundationmdd.pdb' was not found with 'PocoFoundationmdd.lib(TextEncoding.obj)' or at 'C:\Users\mothzilla\Documents\of_v0.7.4_vs2010_release\of_v0.7.4_vs2010_release\apps\myApps\openRowland\bin\pocofoundationmdd.pdb'; linking object as if no debug info
     1>PocoFoundationmdd.lib(TextIterator.obj) : warning LNK4099: PDB 'pocofoundationmdd.pdb' was not found with 'PocoFoundationmdd.lib(TextIterator.obj)' or at 'C:\Users\mothzilla\Documents\of_v0.7.4_vs2010_release\of_v0.7.4_vs2010_release\apps\myApps\openRowland\bin\pocofoundationmdd.pdb'; linking object as if no debug info
     1>PocoFoundationmdd.lib(UnicodeConverter.obj) : warning LNK4099: PDB 'pocofoundationmdd.pdb' was not found with 'PocoFoundationmdd.lib(UnicodeConverter.obj)' or at 'C:\Users\mothzilla\Documents\of_v0.7.4_vs2010_release\of_v0.7.4_vs2010_release\apps\myApps\openRowland\bin\pocofoundationmdd.pdb'; linking object as if no debug info
     1>PocoFoundationmdd.lib(UTF16Encoding.obj) : warning LNK4099: PDB 'pocofoundationmdd.pdb' was not found with 'PocoFoundationmdd.lib(UTF16Encoding.obj)' or at 'C:\Users\mothzilla\Documents\of_v0.7.4_vs2010_release\of_v0.7.4_vs2010_release\apps\myApps\openRowland\bin\pocofoundationmdd.pdb'; linking object as if no debug info
     1>PocoFoundationmdd.lib(UTF8Encoding.obj) : warning LNK4099: PDB 'pocofoundationmdd.pdb' was not found with 'PocoFoundationmdd.lib(UTF8Encoding.obj)' or at 'C:\Users\mothzilla\Documents\of_v0.7.4_vs2010_release\of_v0.7.4_vs2010_release\apps\myApps\openRowland\bin\pocofoundationmdd.pdb'; linking object as if no debug info
     1>PocoFoundationmdd.lib(Windows1252Encoding.obj) : warning LNK4099: PDB 'pocofoundationmdd.pdb' was not found with 'PocoFoundationmdd.lib(Windows1252Encoding.obj)' or at 'C:\Users\mothzilla\Documents\of_v0.7.4_vs2010_release\of_v0.7.4_vs2010_release\apps\myApps\openRowland\bin\pocofoundationmdd.pdb'; linking object as if no debug info
     1>PocoFoundationmdd.lib(FileStreamFactory.obj) : warning LNK4099: PDB 'pocofoundationmdd.pdb' was not found with 'PocoFoundationmdd.lib(FileStreamFactory.obj)' or at 'C:\Users\mothzilla\Documents\of_v0.7.4_vs2010_release\of_v0.7.4_vs2010_release\apps\myApps\openRowland\bin\pocofoundationmdd.pdb'; linking object as if no debug info
     1>PocoFoundationmdd.lib(URI.obj) : warning LNK4099: PDB 'pocofoundationmdd.pdb' was not found with 'PocoFoundationmdd.lib(URI.obj)' or at 'C:\Users\mothzilla\Documents\of_v0.7.4_vs2010_release\of_v0.7.4_vs2010_release\apps\myApps\openRowland\bin\pocofoundationmdd.pdb'; linking object as if no debug info
     1>PocoFoundationmdd.lib(URIStreamFactory.obj) : warning LNK4099: PDB 'pocofoundationmdd.pdb' was not found with 'PocoFoundationmdd.lib(URIStreamFactory.obj)' or at 'C:\Users\mothzilla\Documents\of_v0.7.4_vs2010_release\of_v0.7.4_vs2010_release\apps\myApps\openRowland\bin\pocofoundationmdd.pdb'; linking object as if no debug info
     1>PocoFoundationmdd.lib(URIStreamOpener.obj) : warning LNK4099: PDB 'pocofoundationmdd.pdb' was not found with 'PocoFoundationmdd.lib(URIStreamOpener.obj)' or at 'C:\Users\mothzilla\Documents\of_v0.7.4_vs2010_release\of_v0.7.4_vs2010_release\apps\myApps\openRowland\bin\pocofoundationmdd.pdb'; linking object as if no debug info
     1>PocoNetmdd.lib(DNS.obj) : warning LNK4099: PDB 'poconetmdd.pdb' was not found with 'PocoNetmdd.lib(DNS.obj)' or at 'C:\Users\mothzilla\Documents\of_v0.7.4_vs2010_release\of_v0.7.4_vs2010_release\apps\myApps\openRowland\bin\poconetmdd.pdb'; linking object as if no debug info
     1>PocoNetmdd.lib(HostEntry.obj) : warning LNK4099: PDB 'poconetmdd.pdb' was not found with 'PocoNetmdd.lib(HostEntry.obj)' or at 'C:\Users\mothzilla\Documents\of_v0.7.4_vs2010_release\of_v0.7.4_vs2010_release\apps\myApps\openRowland\bin\poconetmdd.pdb'; linking object as if no debug info
     1>PocoNetmdd.lib(IPAddress.obj) : warning LNK4099: PDB 'poconetmdd.pdb' was not found with 'PocoNetmdd.lib(IPAddress.obj)' or at 'C:\Users\mothzilla\Documents\of_v0.7.4_vs2010_release\of_v0.7.4_vs2010_release\apps\myApps\openRowland\bin\poconetmdd.pdb'; linking object as if no debug info
     1>PocoNetmdd.lib(NetException.obj) : warning LNK4099: PDB 'poconetmdd.pdb' was not found with 'PocoNetmdd.lib(NetException.obj)' or at 'C:\Users\mothzilla\Documents\of_v0.7.4_vs2010_release\of_v0.7.4_vs2010_release\apps\myApps\openRowland\bin\poconetmdd.pdb'; linking object as if no debug info
     1>PocoNetmdd.lib(SocketAddress.obj) : warning LNK4099: PDB 'poconetmdd.pdb' was not found with 'PocoNetmdd.lib(SocketAddress.obj)' or at 'C:\Users\mothzilla\Documents\of_v0.7.4_vs2010_release\of_v0.7.4_vs2010_release\apps\myApps\openRowland\bin\poconetmdd.pdb'; linking object as if no debug info
     1>PocoNetmdd.lib(Socket.obj) : warning LNK4099: PDB 'poconetmdd.pdb' was not found with 'PocoNetmdd.lib(Socket.obj)' or at 'C:\Users\mothzilla\Documents\of_v0.7.4_vs2010_release\of_v0.7.4_vs2010_release\apps\myApps\openRowland\bin\poconetmdd.pdb'; linking object as if no debug info
     1>PocoNetmdd.lib(SocketImpl.obj) : warning LNK4099: PDB 'poconetmdd.pdb' was not found with 'PocoNetmdd.lib(SocketImpl.obj)' or at 'C:\Users\mothzilla\Documents\of_v0.7.4_vs2010_release\of_v0.7.4_vs2010_release\apps\myApps\openRowland\bin\poconetmdd.pdb'; linking object as if no debug info
     1>PocoNetmdd.lib(StreamSocket.obj) : warning LNK4099: PDB 'poconetmdd.pdb' was not found with 'PocoNetmdd.lib(StreamSocket.obj)' or at 'C:\Users\mothzilla\Documents\of_v0.7.4_vs2010_release\of_v0.7.4_vs2010_release\apps\myApps\openRowland\bin\poconetmdd.pdb'; linking object as if no debug info
     1>PocoNetmdd.lib(StreamSocketImpl.obj) : warning LNK4099: PDB 'poconetmdd.pdb' was not found with 'PocoNetmdd.lib(StreamSocketImpl.obj)' or at 'C:\Users\mothzilla\Documents\of_v0.7.4_vs2010_release\of_v0.7.4_vs2010_release\apps\myApps\openRowland\bin\poconetmdd.pdb'; linking object as if no debug info
     1>PocoNetmdd.lib(MediaType.obj) : warning LNK4099: PDB 'poconetmdd.pdb' was not found with 'PocoNetmdd.lib(MediaType.obj)' or at 'C:\Users\mothzilla\Documents\of_v0.7.4_vs2010_release\of_v0.7.4_vs2010_release\apps\myApps\openRowland\bin\poconetmdd.pdb'; linking object as if no debug info
     1>PocoNetmdd.lib(MessageHeader.obj) : warning LNK4099: PDB 'poconetmdd.pdb' was not found with 'PocoNetmdd.lib(MessageHeader.obj)' or at 'C:\Users\mothzilla\Documents\of_v0.7.4_vs2010_release\of_v0.7.4_vs2010_release\apps\myApps\openRowland\bin\poconetmdd.pdb'; linking object as if no debug info
     1>PocoNetmdd.lib(NameValueCollection.obj) : warning LNK4099: PDB 'poconetmdd.pdb' was not found with 'PocoNetmdd.lib(NameValueCollection.obj)' or at 'C:\Users\mothzilla\Documents\of_v0.7.4_vs2010_release\of_v0.7.4_vs2010_release\apps\myApps\openRowland\bin\poconetmdd.pdb'; linking object as if no debug info
     1>PocoNetmdd.lib(HTTPAuthenticationParams.obj) : warning LNK4099: PDB 'poconetmdd.pdb' was not found with 'PocoNetmdd.lib(HTTPAuthenticationParams.obj)' or at 'C:\Users\mothzilla\Documents\of_v0.7.4_vs2010_release\of_v0.7.4_vs2010_release\apps\myApps\openRowland\bin\poconetmdd.pdb'; linking object as if no debug info
     1>PocoNetmdd.lib(HTTPBasicCredentials.obj) : warning LNK4099: PDB 'poconetmdd.pdb' was not found with 'PocoNetmdd.lib(HTTPBasicCredentials.obj)' or at 'C:\Users\mothzilla\Documents\of_v0.7.4_vs2010_release\of_v0.7.4_vs2010_release\apps\myApps\openRowland\bin\poconetmdd.pdb'; linking object as if no debug info
     1>PocoNetmdd.lib(HTTPBufferAllocator.obj) : warning LNK4099: PDB 'poconetmdd.pdb' was not found with 'PocoNetmdd.lib(HTTPBufferAllocator.obj)' or at 'C:\Users\mothzilla\Documents\of_v0.7.4_vs2010_release\of_v0.7.4_vs2010_release\apps\myApps\openRowland\bin\poconetmdd.pdb'; linking object as if no debug info
     1>PocoNetmdd.lib(HTTPChunkedStream.obj) : warning LNK4099: PDB 'poconetmdd.pdb' was not found with 'PocoNetmdd.lib(HTTPChunkedStream.obj)' or at 'C:\Users\mothzilla\Documents\of_v0.7.4_vs2010_release\of_v0.7.4_vs2010_release\apps\myApps\openRowland\bin\poconetmdd.pdb'; linking object as if no debug info
     1>PocoNetmdd.lib(HTTPCookie.obj) : warning LNK4099: PDB 'poconetmdd.pdb' was not found with 'PocoNetmdd.lib(HTTPCookie.obj)' or at 'C:\Users\mothzilla\Documents\of_v0.7.4_vs2010_release\of_v0.7.4_vs2010_release\apps\myApps\openRowland\bin\poconetmdd.pdb'; linking object as if no debug info
     1>PocoNetmdd.lib(HTTPCredentials.obj) : warning LNK4099: PDB 'poconetmdd.pdb' was not found with 'PocoNetmdd.lib(HTTPCredentials.obj)' or at 'C:\Users\mothzilla\Documents\of_v0.7.4_vs2010_release\of_v0.7.4_vs2010_release\apps\myApps\openRowland\bin\poconetmdd.pdb'; linking object as if no debug info
     1>PocoNetmdd.lib(HTTPDigestCredentials.obj) : warning LNK4099: PDB 'poconetmdd.pdb' was not found with 'PocoNetmdd.lib(HTTPDigestCredentials.obj)' or at 'C:\Users\mothzilla\Documents\of_v0.7.4_vs2010_release\of_v0.7.4_vs2010_release\apps\myApps\openRowland\bin\poconetmdd.pdb'; linking object as if no debug info
     1>PocoNetmdd.lib(HTTPFixedLengthStream.obj) : warning LNK4099: PDB 'poconetmdd.pdb' was not found with 'PocoNetmdd.lib(HTTPFixedLengthStream.obj)' or at 'C:\Users\mothzilla\Documents\of_v0.7.4_vs2010_release\of_v0.7.4_vs2010_release\apps\myApps\openRowland\bin\poconetmdd.pdb'; linking object as if no debug info
     1>PocoNetmdd.lib(HTTPHeaderStream.obj) : warning LNK4099: PDB 'poconetmdd.pdb' was not found with 'PocoNetmdd.lib(HTTPHeaderStream.obj)' or at 'C:\Users\mothzilla\Documents\of_v0.7.4_vs2010_release\of_v0.7.4_vs2010_release\apps\myApps\openRowland\bin\poconetmdd.pdb'; linking object as if no debug info
     1>PocoNetmdd.lib(HTTPMessage.obj) : warning LNK4099: PDB 'poconetmdd.pdb' was not found with 'PocoNetmdd.lib(HTTPMessage.obj)' or at 'C:\Users\mothzilla\Documents\of_v0.7.4_vs2010_release\of_v0.7.4_vs2010_release\apps\myApps\openRowland\bin\poconetmdd.pdb'; linking object as if no debug info
     1>PocoNetmdd.lib(HTTPRequest.obj) : warning LNK4099: PDB 'poconetmdd.pdb' was not found with 'PocoNetmdd.lib(HTTPRequest.obj)' or at 'C:\Users\mothzilla\Documents\of_v0.7.4_vs2010_release\of_v0.7.4_vs2010_release\apps\myApps\openRowland\bin\poconetmdd.pdb'; linking object as if no debug info
     1>PocoNetmdd.lib(HTTPResponse.obj) : warning LNK4099: PDB 'poconetmdd.pdb' was not found with 'PocoNetmdd.lib(HTTPResponse.obj)' or at 'C:\Users\mothzilla\Documents\of_v0.7.4_vs2010_release\of_v0.7.4_vs2010_release\apps\myApps\openRowland\bin\poconetmdd.pdb'; linking object as if no debug info
     1>PocoNetmdd.lib(HTTPSession.obj) : warning LNK4099: PDB 'poconetmdd.pdb' was not found with 'PocoNetmdd.lib(HTTPSession.obj)' or at 'C:\Users\mothzilla\Documents\of_v0.7.4_vs2010_release\of_v0.7.4_vs2010_release\apps\myApps\openRowland\bin\poconetmdd.pdb'; linking object as if no debug info
     1>PocoNetmdd.lib(HTTPStream.obj) : warning LNK4099: PDB 'poconetmdd.pdb' was not found with 'PocoNetmdd.lib(HTTPStream.obj)' or at 'C:\Users\mothzilla\Documents\of_v0.7.4_vs2010_release\of_v0.7.4_vs2010_release\apps\myApps\openRowland\bin\poconetmdd.pdb'; linking object as if no debug info
     1>PocoNetmdd.lib(HTTPClientSession.obj) : warning LNK4099: PDB 'poconetmdd.pdb' was not found with 'PocoNetmdd.lib(HTTPClientSession.obj)' or at 'C:\Users\mothzilla\Documents\of_v0.7.4_vs2010_release\of_v0.7.4_vs2010_release\apps\myApps\openRowland\bin\poconetmdd.pdb'; linking object as if no debug info
     1>PocoNetmdd.lib(HTTPIOStream.obj) : warning LNK4099: PDB 'poconetmdd.pdb' was not found with 'PocoNetmdd.lib(HTTPIOStream.obj)' or at 'C:\Users\mothzilla\Documents\of_v0.7.4_vs2010_release\of_v0.7.4_vs2010_release\apps\myApps\openRowland\bin\poconetmdd.pdb'; linking object as if no debug info
     1>PocoNetmdd.lib(HTTPStreamFactory.obj) : warning LNK4099: PDB 'poconetmdd.pdb' was not found with 'PocoNetmdd.lib(HTTPStreamFactory.obj)' or at 'C:\Users\mothzilla\Documents\of_v0.7.4_vs2010_release\of_v0.7.4_vs2010_release\apps\myApps\openRowland\bin\poconetmdd.pdb'; linking object as if no debug info
     1>tess2.lib(bucketalloc.obj) : warning LNK4099: PDB 'vc100.pdb' was not found with 'tess2.lib(bucketalloc.obj)' or at 'C:\Users\mothzilla\Documents\of_v0.7.4_vs2010_release\of_v0.7.4_vs2010_release\apps\myApps\openRowland\bin\vc100.pdb'; linking object as if no debug info
     1>tess2.lib(dict.obj) : warning LNK4099: PDB 'vc100.pdb' was not found with 'tess2.lib(dict.obj)' or at 'C:\Users\mothzilla\Documents\of_v0.7.4_vs2010_release\of_v0.7.4_vs2010_release\apps\myApps\openRowland\bin\vc100.pdb'; linking object as if no debug info
     1>tess2.lib(geom.obj) : warning LNK4099: PDB 'vc100.pdb' was not found with 'tess2.lib(geom.obj)' or at 'C:\Users\mothzilla\Documents\of_v0.7.4_vs2010_release\of_v0.7.4_vs2010_release\apps\myApps\openRowland\bin\vc100.pdb'; linking object as if no debug info
     1>tess2.lib(mesh.obj) : warning LNK4099: PDB 'vc100.pdb' was not found with 'tess2.lib(mesh.obj)' or at 'C:\Users\mothzilla\Documents\of_v0.7.4_vs2010_release\of_v0.7.4_vs2010_release\apps\myApps\openRowland\bin\vc100.pdb'; linking object as if no debug info
     1>tess2.lib(priorityq.obj) : warning LNK4099: PDB 'vc100.pdb' was not found with 'tess2.lib(priorityq.obj)' or at 'C:\Users\mothzilla\Documents\of_v0.7.4_vs2010_release\of_v0.7.4_vs2010_release\apps\myApps\openRowland\bin\vc100.pdb'; linking object as if no debug info
     1>tess2.lib(sweep.obj) : warning LNK4099: PDB 'vc100.pdb' was not found with 'tess2.lib(sweep.obj)' or at 'C:\Users\mothzilla\Documents\of_v0.7.4_vs2010_release\of_v0.7.4_vs2010_release\apps\myApps\openRowland\bin\vc100.pdb'; linking object as if no debug info
     1>tess2.lib(tess.obj) : warning LNK4099: PDB 'vc100.pdb' was not found with 'tess2.lib(tess.obj)' or at 'C:\Users\mothzilla\Documents\of_v0.7.4_vs2010_release\of_v0.7.4_vs2010_release\apps\myApps\openRowland\bin\vc100.pdb'; linking object as if no debug info
         openRowland.vcxproj -> C:\Users\mothzilla\Documents\of_v0.7.4_vs2010_release\of_v0.7.4_vs2010_release\apps\myApps\openRowland\bin\openRowland_debug.exe
       PostBuildEvent:
         Description: adding DLLs and creating data folder
         xcopy /e /i /y "C:\Users\mothzilla\Documents\of_v0.7.4_vs2010_release\of_v0.7.4_vs2010_release\apps\myApps\openRowland\..\..\..\export\vs2010\*.dll" "C:\Users\mothzilla\Documents\of_v0.7.4_vs2010_release\of_v0.7.4_vs2010_release\apps\myApps\openRowland\bin"
         :VCEnd
         C:\Users\mothzilla\Documents\of_v0.7.4_vs2010_release\of_v0.7.4_vs2010_release\apps\myApps\openRowland\..\..\..\export\vs2010\Assimp32.dll
         C:\Users\mothzilla\Documents\of_v0.7.4_vs2010_release\of_v0.7.4_vs2010_release\apps\myApps\openRowland\..\..\..\export\vs2010\fmodex.dll
         C:\Users\mothzilla\Documents\of_v0.7.4_vs2010_release\of_v0.7.4_vs2010_release\apps\myApps\openRowland\..\..\..\export\vs2010\fmodexL.dll
         C:\Users\mothzilla\Documents\of_v0.7.4_vs2010_release\of_v0.7.4_vs2010_release\apps\myApps\openRowland\..\..\..\export\vs2010\FreeImage.dll
         C:\Users\mothzilla\Documents\of_v0.7.4_vs2010_release\of_v0.7.4_vs2010_release\apps\myApps\openRowland\..\..\..\export\vs2010\FreeType-6.dll
         C:\Users\mothzilla\Documents\of_v0.7.4_vs2010_release\of_v0.7.4_vs2010_release\apps\myApps\openRowland\..\..\..\export\vs2010\glut32.dll
         C:\Users\mothzilla\Documents\of_v0.7.4_vs2010_release\of_v0.7.4_vs2010_release\apps\myApps\openRowland\..\..\..\export\vs2010\Zlib.dll
         7 File(s) copied
       FinalizeBuildStatus:
         Deleting file "obj\Debug\openRowland.unsuccessfulbuild".
         Touching "obj\Debug\openRowland.lastbuildstate".
     1>Done Building Project "C:\Users\mothzilla\Documents\of_v0.7.4_vs2010_release\of_v0.7.4_vs2010_release\apps\myApps\openRowland\openRowland.vcxproj" (build target(s)).

Build succeeded.

Time Elapsed 00:00:22.18
