C:\USERS\CANTW_000\DOCUMENTS\OF_V0073_VS2010_RELEASE\OF_V0073_VS2010_RELEASE\APPS\MYAPPS\OPENSPECTROMETER\BIN\OPENSPECTROMETER.EXE
C:\Users\cantw_000\Documents\of_v0073_vs2010_release\of_v0073_vs2010_release\apps\myApps\openSpectrometer\bin\openSpectrometer.exp
C:\Users\cantw_000\Documents\of_v0073_vs2010_release\of_v0073_vs2010_release\apps\myApps\openSpectrometer\bin\openSpectrometer.lib
C:\Users\cantw_000\Documents\of_v0073_vs2010_release\of_v0073_vs2010_release\apps\myApps\openSpectrometer\obj\Release\cl.command.1.tlog
C:\Users\cantw_000\Documents\of_v0073_vs2010_release\of_v0073_vs2010_release\apps\myApps\openSpectrometer\obj\Release\CL.read.1.tlog
C:\Users\cantw_000\Documents\of_v0073_vs2010_release\of_v0073_vs2010_release\apps\myApps\openSpectrometer\obj\Release\CL.write.1.tlog
C:\USERS\CANTW_000\DOCUMENTS\OF_V0073_VS2010_RELEASE\OF_V0073_VS2010_RELEASE\APPS\MYAPPS\OPENSPECTROMETER\OBJ\RELEASE\GUIBASEOBJECT.OBJ
C:\USERS\CANTW_000\DOCUMENTS\OF_V0073_VS2010_RELEASE\OF_V0073_VS2010_RELEASE\APPS\MYAPPS\OPENSPECTROMETER\OBJ\RELEASE\GUICALLBACK.OBJ
C:\USERS\CANTW_000\DOCUMENTS\OF_V0073_VS2010_RELEASE\OF_V0073_VS2010_RELEASE\APPS\MYAPPS\OPENSPECTROMETER\OBJ\RELEASE\GUICALLBACKVALUE.OBJ
C:\USERS\CANTW_000\DOCUMENTS\OF_V0073_VS2010_RELEASE\OF_V0073_VS2010_RELEASE\APPS\MYAPPS\OPENSPECTROMETER\OBJ\RELEASE\GUICOLOR.OBJ
C:\USERS\CANTW_000\DOCUMENTS\OF_V0073_VS2010_RELEASE\OF_V0073_VS2010_RELEASE\APPS\MYAPPS\OPENSPECTROMETER\OBJ\RELEASE\GUITEXTBASE.OBJ
C:\USERS\CANTW_000\DOCUMENTS\OF_V0073_VS2010_RELEASE\OF_V0073_VS2010_RELEASE\APPS\MYAPPS\OPENSPECTROMETER\OBJ\RELEASE\GUITYPE2DSLIDER.OBJ
C:\USERS\CANTW_000\DOCUMENTS\OF_V0073_VS2010_RELEASE\OF_V0073_VS2010_RELEASE\APPS\MYAPPS\OPENSPECTROMETER\OBJ\RELEASE\GUITYPEBUTTONSLIDER.OBJ
C:\USERS\CANTW_000\DOCUMENTS\OF_V0073_VS2010_RELEASE\OF_V0073_VS2010_RELEASE\APPS\MYAPPS\OPENSPECTROMETER\OBJ\RELEASE\GUITYPECHARTPLOTTER.OBJ
C:\USERS\CANTW_000\DOCUMENTS\OF_V0073_VS2010_RELEASE\OF_V0073_VS2010_RELEASE\APPS\MYAPPS\OPENSPECTROMETER\OBJ\RELEASE\GUITYPECUSTOM.OBJ
C:\USERS\CANTW_000\DOCUMENTS\OF_V0073_VS2010_RELEASE\OF_V0073_VS2010_RELEASE\APPS\MYAPPS\OPENSPECTROMETER\OBJ\RELEASE\GUITYPEDRAWABLE.OBJ
C:\USERS\CANTW_000\DOCUMENTS\OF_V0073_VS2010_RELEASE\OF_V0073_VS2010_RELEASE\APPS\MYAPPS\OPENSPECTROMETER\OBJ\RELEASE\GUITYPEFILELISTER.OBJ
C:\USERS\CANTW_000\DOCUMENTS\OF_V0073_VS2010_RELEASE\OF_V0073_VS2010_RELEASE\APPS\MYAPPS\OPENSPECTROMETER\OBJ\RELEASE\GUITYPELABEL.OBJ
C:\USERS\CANTW_000\DOCUMENTS\OF_V0073_VS2010_RELEASE\OF_V0073_VS2010_RELEASE\APPS\MYAPPS\OPENSPECTROMETER\OBJ\RELEASE\GUITYPELOGGER.OBJ
C:\USERS\CANTW_000\DOCUMENTS\OF_V0073_VS2010_RELEASE\OF_V0073_VS2010_RELEASE\APPS\MYAPPS\OPENSPECTROMETER\OBJ\RELEASE\GUITYPEMULTITOGGLE.OBJ
C:\USERS\CANTW_000\DOCUMENTS\OF_V0073_VS2010_RELEASE\OF_V0073_VS2010_RELEASE\APPS\MYAPPS\OPENSPECTROMETER\OBJ\RELEASE\GUITYPEPANEL.OBJ
C:\USERS\CANTW_000\DOCUMENTS\OF_V0073_VS2010_RELEASE\OF_V0073_VS2010_RELEASE\APPS\MYAPPS\OPENSPECTROMETER\OBJ\RELEASE\GUITYPESLIDER.OBJ
C:\USERS\CANTW_000\DOCUMENTS\OF_V0073_VS2010_RELEASE\OF_V0073_VS2010_RELEASE\APPS\MYAPPS\OPENSPECTROMETER\OBJ\RELEASE\GUITYPETEXT.OBJ
C:\USERS\CANTW_000\DOCUMENTS\OF_V0073_VS2010_RELEASE\OF_V0073_VS2010_RELEASE\APPS\MYAPPS\OPENSPECTROMETER\OBJ\RELEASE\GUITYPETEXTDROPDOWN.OBJ
C:\USERS\CANTW_000\DOCUMENTS\OF_V0073_VS2010_RELEASE\OF_V0073_VS2010_RELEASE\APPS\MYAPPS\OPENSPECTROMETER\OBJ\RELEASE\GUITYPETEXTINPUT.OBJ
C:\USERS\CANTW_000\DOCUMENTS\OF_V0073_VS2010_RELEASE\OF_V0073_VS2010_RELEASE\APPS\MYAPPS\OPENSPECTROMETER\OBJ\RELEASE\GUITYPETOGGLE.OBJ
C:\USERS\CANTW_000\DOCUMENTS\OF_V0073_VS2010_RELEASE\OF_V0073_VS2010_RELEASE\APPS\MYAPPS\OPENSPECTROMETER\OBJ\RELEASE\GUITYPEVAIRABLELISTER.OBJ
C:\USERS\CANTW_000\DOCUMENTS\OF_V0073_VS2010_RELEASE\OF_V0073_VS2010_RELEASE\APPS\MYAPPS\OPENSPECTROMETER\OBJ\RELEASE\GUITYPEVIDEO.OBJ
C:\USERS\CANTW_000\DOCUMENTS\OF_V0073_VS2010_RELEASE\OF_V0073_VS2010_RELEASE\APPS\MYAPPS\OPENSPECTROMETER\OBJ\RELEASE\GUIVALUE.OBJ
C:\Users\cantw_000\Documents\of_v0073_vs2010_release\of_v0073_vs2010_release\apps\myApps\openSpectrometer\obj\Release\link.command.1.tlog
C:\Users\cantw_000\Documents\of_v0073_vs2010_release\of_v0073_vs2010_release\apps\myApps\openSpectrometer\obj\Release\link.read.1.tlog
C:\Users\cantw_000\Documents\of_v0073_vs2010_release\of_v0073_vs2010_release\apps\myApps\openSpectrometer\obj\Release\link.write.1.tlog
C:\USERS\CANTW_000\DOCUMENTS\OF_V0073_VS2010_RELEASE\OF_V0073_VS2010_RELEASE\APPS\MYAPPS\OPENSPECTROMETER\OBJ\RELEASE\MAIN.OBJ
C:\Users\cantw_000\Documents\of_v0073_vs2010_release\of_v0073_vs2010_release\apps\myApps\openSpectrometer\obj\Release\mt.command.1.tlog
C:\Users\cantw_000\Documents\of_v0073_vs2010_release\of_v0073_vs2010_release\apps\myApps\openSpectrometer\obj\Release\mt.read.1.tlog
C:\Users\cantw_000\Documents\of_v0073_vs2010_release\of_v0073_vs2010_release\apps\myApps\openSpectrometer\obj\Release\mt.write.1.tlog
C:\USERS\CANTW_000\DOCUMENTS\OF_V0073_VS2010_RELEASE\OF_V0073_VS2010_RELEASE\APPS\MYAPPS\OPENSPECTROMETER\OBJ\RELEASE\OFXCONTROLPANEL.OBJ
C:\USERS\CANTW_000\DOCUMENTS\OF_V0073_VS2010_RELEASE\OF_V0073_VS2010_RELEASE\APPS\MYAPPS\OPENSPECTROMETER\OBJ\RELEASE\OFXXMLSETTINGS.OBJ
C:\USERS\CANTW_000\DOCUMENTS\OF_V0073_VS2010_RELEASE\OF_V0073_VS2010_RELEASE\APPS\MYAPPS\OPENSPECTROMETER\OBJ\RELEASE\OPENSPECTROMETER.EXE.INTERMEDIATE.MANIFEST
C:\Users\cantw_000\Documents\of_v0073_vs2010_release\of_v0073_vs2010_release\apps\myApps\openSpectrometer\obj\Release\openSpectrometer.write.1.tlog
C:\USERS\CANTW_000\DOCUMENTS\OF_V0073_VS2010_RELEASE\OF_V0073_VS2010_RELEASE\APPS\MYAPPS\OPENSPECTROMETER\OBJ\RELEASE\SIMPLECOLOR.OBJ
C:\USERS\CANTW_000\DOCUMENTS\OF_V0073_VS2010_RELEASE\OF_V0073_VS2010_RELEASE\APPS\MYAPPS\OPENSPECTROMETER\OBJ\RELEASE\SIMPLEFILELISTER.OBJ
C:\USERS\CANTW_000\DOCUMENTS\OF_V0073_VS2010_RELEASE\OF_V0073_VS2010_RELEASE\APPS\MYAPPS\OPENSPECTROMETER\OBJ\RELEASE\SIMPLELOGGER.OBJ
C:\USERS\CANTW_000\DOCUMENTS\OF_V0073_VS2010_RELEASE\OF_V0073_VS2010_RELEASE\APPS\MYAPPS\OPENSPECTROMETER\OBJ\RELEASE\TESTAPP.OBJ
C:\USERS\CANTW_000\DOCUMENTS\OF_V0073_VS2010_RELEASE\OF_V0073_VS2010_RELEASE\APPS\MYAPPS\OPENSPECTROMETER\OBJ\RELEASE\TINYXML.OBJ
C:\USERS\CANTW_000\DOCUMENTS\OF_V0073_VS2010_RELEASE\OF_V0073_VS2010_RELEASE\APPS\MYAPPS\OPENSPECTROMETER\OBJ\RELEASE\TINYXMLERROR.OBJ
C:\USERS\CANTW_000\DOCUMENTS\OF_V0073_VS2010_RELEASE\OF_V0073_VS2010_RELEASE\APPS\MYAPPS\OPENSPECTROMETER\OBJ\RELEASE\TINYXMLPARSER.OBJ
